[0.192s] DEBUG:colcon:Command line arguments: ['/usr/bin/colcon', 'build', '--symlink-install']
[0.193s] DEBUG:colcon:Parsed command line arguments: Namespace(allow_overriding=[], ament_cmake_args=None, base_paths=['.'], build_base='build', catkin_cmake_args=None, catkin_skip_building_tests=False, cmake_args=None, cmake_clean_cache=False, cmake_clean_first=False, cmake_force_configure=False, cmake_target=None, cmake_target_skip_unavailable=False, continue_on_error=False, event_handlers=None, executor='parallel', ignore_user_meta=False, install_base='install', log_base=None, log_level=None, main=<bound method BuildVerb.main of <colcon_core.verb.build.BuildVerb object at 0x7fbfb7dc5a60>>, merge_install=False, metas=['./colcon.meta'], packages_above=None, packages_above_and_dependencies=None, packages_above_depth=None, packages_end=None, packages_ignore=None, packages_ignore_regex=None, packages_select=None, packages_select_build_failed=False, packages_select_by_dep=None, packages_select_regex=None, packages_select_test_failures=False, packages_skip=None, packages_skip_build_finished=False, packages_skip_by_dep=None, packages_skip_regex=None, packages_skip_test_passed=False, packages_skip_up_to=None, packages_start=None, packages_up_to=None, packages_up_to_regex=None, parallel_workers=16, paths=None, symlink_install=True, test_result_base=None, verb_extension=<colcon_core.verb.build.BuildVerb object at 0x7fbfb7dc5a60>, verb_name='build', verb_parser=<colcon_defaults.argument_parser.defaults.DefaultArgumentsDecorator object at 0x7fbfb7dd4040>)
[0.210s] Level 1:colcon.colcon_core.package_discovery:discover_packages(colcon_meta) check parameters
[0.210s] Level 1:colcon.colcon_core.package_discovery:discover_packages(recursive) check parameters
[0.210s] Level 1:colcon.colcon_core.package_discovery:discover_packages(ignore) check parameters
[0.210s] Level 1:colcon.colcon_core.package_discovery:discover_packages(path) check parameters
[0.210s] Level 1:colcon.colcon_core.package_discovery:discover_packages(colcon_meta) discover
[0.210s] Level 1:colcon.colcon_core.package_discovery:discover_packages(recursive) discover
[0.210s] INFO:colcon.colcon_core.package_discovery:Crawling recursively for packages in '/home/asrl/ROS2_ViconDroneCtrl/flight_controller_ws'
[0.210s] Level 1:colcon.colcon_core.package_identification:_identify(.) by extensions ['ignore', 'ignore_ament_install']
[0.210s] Level 1:colcon.colcon_core.package_identification:_identify(.) by extension 'ignore'
[0.210s] Level 1:colcon.colcon_core.package_identification:_identify(.) by extension 'ignore_ament_install'
[0.210s] Level 1:colcon.colcon_core.package_identification:_identify(.) by extensions ['colcon_pkg']
[0.210s] Level 1:colcon.colcon_core.package_identification:_identify(.) by extension 'colcon_pkg'
[0.210s] Level 1:colcon.colcon_core.package_identification:_identify(.) by extensions ['colcon_meta']
[0.210s] Level 1:colcon.colcon_core.package_identification:_identify(.) by extension 'colcon_meta'
[0.210s] Level 1:colcon.colcon_core.package_identification:_identify(.) by extensions ['ros']
[0.210s] Level 1:colcon.colcon_core.package_identification:_identify(.) by extension 'ros'
[0.217s] Level 1:colcon.colcon_core.package_identification:_identify(.) by extensions ['cmake', 'python']
[0.217s] Level 1:colcon.colcon_core.package_identification:_identify(.) by extension 'cmake'
[0.217s] Level 1:colcon.colcon_core.package_identification:_identify(.) by extension 'python'
[0.217s] Level 1:colcon.colcon_core.package_identification:_identify(.) by extensions ['python_setup_py']
[0.217s] Level 1:colcon.colcon_core.package_identification:_identify(.) by extension 'python_setup_py'
[0.217s] Level 1:colcon.colcon_core.package_identification:_identify(build) by extensions ['ignore', 'ignore_ament_install']
[0.217s] Level 1:colcon.colcon_core.package_identification:_identify(build) by extension 'ignore'
[0.217s] Level 1:colcon.colcon_core.package_identification:_identify(build) ignored
[0.217s] Level 1:colcon.colcon_core.package_identification:_identify(install) by extensions ['ignore', 'ignore_ament_install']
[0.217s] Level 1:colcon.colcon_core.package_identification:_identify(install) by extension 'ignore'
[0.217s] Level 1:colcon.colcon_core.package_identification:_identify(install) ignored
[0.218s] Level 1:colcon.colcon_core.package_identification:_identify(log) by extensions ['ignore', 'ignore_ament_install']
[0.218s] Level 1:colcon.colcon_core.package_identification:_identify(log) by extension 'ignore'
[0.218s] Level 1:colcon.colcon_core.package_identification:_identify(log) ignored
[0.218s] Level 1:colcon.colcon_core.package_identification:_identify(src) by extensions ['ignore', 'ignore_ament_install']
[0.218s] Level 1:colcon.colcon_core.package_identification:_identify(src) by extension 'ignore'
[0.218s] Level 1:colcon.colcon_core.package_identification:_identify(src) by extension 'ignore_ament_install'
[0.218s] Level 1:colcon.colcon_core.package_identification:_identify(src) by extensions ['colcon_pkg']
[0.218s] Level 1:colcon.colcon_core.package_identification:_identify(src) by extension 'colcon_pkg'
[0.218s] Level 1:colcon.colcon_core.package_identification:_identify(src) by extensions ['colcon_meta']
[0.218s] Level 1:colcon.colcon_core.package_identification:_identify(src) by extension 'colcon_meta'
[0.218s] Level 1:colcon.colcon_core.package_identification:_identify(src) by extensions ['ros']
[0.218s] Level 1:colcon.colcon_core.package_identification:_identify(src) by extension 'ros'
[0.218s] Level 1:colcon.colcon_core.package_identification:_identify(src) by extensions ['cmake', 'python']
[0.218s] Level 1:colcon.colcon_core.package_identification:_identify(src) by extension 'cmake'
[0.218s] Level 1:colcon.colcon_core.package_identification:_identify(src) by extension 'python'
[0.218s] Level 1:colcon.colcon_core.package_identification:_identify(src) by extensions ['python_setup_py']
[0.218s] Level 1:colcon.colcon_core.package_identification:_identify(src) by extension 'python_setup_py'
[0.218s] Level 1:colcon.colcon_core.package_identification:_identify(src/drone_keyboard_controller) by extensions ['ignore', 'ignore_ament_install']
[0.218s] Level 1:colcon.colcon_core.package_identification:_identify(src/drone_keyboard_controller) by extension 'ignore'
[0.218s] Level 1:colcon.colcon_core.package_identification:_identify(src/drone_keyboard_controller) by extension 'ignore_ament_install'
[0.218s] Level 1:colcon.colcon_core.package_identification:_identify(src/drone_keyboard_controller) by extensions ['colcon_pkg']
[0.218s] Level 1:colcon.colcon_core.package_identification:_identify(src/drone_keyboard_controller) by extension 'colcon_pkg'
[0.218s] Level 1:colcon.colcon_core.package_identification:_identify(src/drone_keyboard_controller) by extensions ['colcon_meta']
[0.218s] Level 1:colcon.colcon_core.package_identification:_identify(src/drone_keyboard_controller) by extension 'colcon_meta'
[0.218s] Level 1:colcon.colcon_core.package_identification:_identify(src/drone_keyboard_controller) by extensions ['ros']
[0.218s] Level 1:colcon.colcon_core.package_identification:_identify(src/drone_keyboard_controller) by extension 'ros'
[0.220s] DEBUG:colcon.colcon_core.package_identification:Package 'src/drone_keyboard_controller' with type 'ros.ament_python' and name 'drone_keyboard_controller'
[0.220s] Level 1:colcon.colcon_core.package_identification:_identify(src/drone_offboard_missions) by extensions ['ignore', 'ignore_ament_install']
[0.220s] Level 1:colcon.colcon_core.package_identification:_identify(src/drone_offboard_missions) by extension 'ignore'
[0.220s] Level 1:colcon.colcon_core.package_identification:_identify(src/drone_offboard_missions) by extension 'ignore_ament_install'
[0.221s] Level 1:colcon.colcon_core.package_identification:_identify(src/drone_offboard_missions) by extensions ['colcon_pkg']
[0.221s] Level 1:colcon.colcon_core.package_identification:_identify(src/drone_offboard_missions) by extension 'colcon_pkg'
[0.221s] Level 1:colcon.colcon_core.package_identification:_identify(src/drone_offboard_missions) by extensions ['colcon_meta']
[0.221s] Level 1:colcon.colcon_core.package_identification:_identify(src/drone_offboard_missions) by extension 'colcon_meta'
[0.221s] Level 1:colcon.colcon_core.package_identification:_identify(src/drone_offboard_missions) by extensions ['ros']
[0.221s] Level 1:colcon.colcon_core.package_identification:_identify(src/drone_offboard_missions) by extension 'ros'
[0.221s] DEBUG:colcon.colcon_core.package_identification:Found ROS schema reference in package manifest in 'src/drone_offboard_missions'
[0.222s] WARNING:colcon.colcon_core.package_identification:Failed to parse ROS package manifest in 'src/drone_offboard_missions': Error(s) in package 'src/drone_offboard_missions/package.xml':
Error(s):
- The generic dependency on 'rclpy' is redundant with: build_depend, build_export_depend, exec_depend
[0.222s] Level 1:colcon.colcon_core.package_identification:_identify(src/drone_offboard_missions) by extensions ['cmake', 'python']
[0.222s] Level 1:colcon.colcon_core.package_identification:_identify(src/drone_offboard_missions) by extension 'cmake'
[0.222s] Level 1:colcon.colcon_core.package_identification:_identify(src/drone_offboard_missions) by extension 'python'
[0.222s] DEBUG:colcon.colcon_core.package_identification:Python package in 'src/drone_offboard_missions' passes arguments to the setup() function which requires a different identification extension than 'python'
[0.222s] Level 1:colcon.colcon_core.package_identification:_identify(src/drone_offboard_missions) by extensions ['python_setup_py']
[0.222s] Level 1:colcon.colcon_core.package_identification:_identify(src/drone_offboard_missions) by extension 'python_setup_py'
[0.368s] DEBUG:colcon.colcon_core.package_identification:Package 'src/drone_offboard_missions' with type 'python' and name 'drone_offboard_missions'
[0.368s] Level 1:colcon.colcon_core.package_identification:_identify(src/vicon_position_bridge) by extensions ['ignore', 'ignore_ament_install']
[0.368s] Level 1:colcon.colcon_core.package_identification:_identify(src/vicon_position_bridge) by extension 'ignore'
[0.368s] Level 1:colcon.colcon_core.package_identification:_identify(src/vicon_position_bridge) by extension 'ignore_ament_install'
[0.368s] Level 1:colcon.colcon_core.package_identification:_identify(src/vicon_position_bridge) by extensions ['colcon_pkg']
[0.368s] Level 1:colcon.colcon_core.package_identification:_identify(src/vicon_position_bridge) by extension 'colcon_pkg'
[0.368s] Level 1:colcon.colcon_core.package_identification:_identify(src/vicon_position_bridge) by extensions ['colcon_meta']
[0.368s] Level 1:colcon.colcon_core.package_identification:_identify(src/vicon_position_bridge) by extension 'colcon_meta'
[0.368s] Level 1:colcon.colcon_core.package_identification:_identify(src/vicon_position_bridge) by extensions ['ros']
[0.368s] Level 1:colcon.colcon_core.package_identification:_identify(src/vicon_position_bridge) by extension 'ros'
[0.369s] DEBUG:colcon.colcon_core.package_identification:Package 'src/vicon_position_bridge' with type 'ros.ament_python' and name 'vicon_position_bridge'
[0.369s] Level 1:colcon.colcon_core.package_discovery:discover_packages(recursive) using defaults
[0.369s] Level 1:colcon.colcon_core.package_discovery:discover_packages(ignore) discover
[0.369s] Level 1:colcon.colcon_core.package_discovery:discover_packages(ignore) using defaults
[0.369s] Level 1:colcon.colcon_core.package_discovery:discover_packages(path) discover
[0.369s] Level 1:colcon.colcon_core.package_discovery:discover_packages(path) using defaults
[0.385s] Level 1:colcon.colcon_core.package_discovery:discover_packages(prefix_path) check parameters
[0.385s] Level 1:colcon.colcon_core.package_discovery:discover_packages(prefix_path) discover
[0.387s] DEBUG:colcon.colcon_installed_package_information.package_discovery:Found 266 installed packages in /opt/ros/foxy
[0.388s] Level 1:colcon.colcon_core.package_discovery:discover_packages(prefix_path) using defaults
[0.425s] Level 5:colcon.colcon_core.verb:set package 'drone_keyboard_controller' build argument 'cmake_args' from command line to 'None'
[0.425s] Level 5:colcon.colcon_core.verb:set package 'drone_keyboard_controller' build argument 'cmake_target' from command line to 'None'
[0.425s] Level 5:colcon.colcon_core.verb:set package 'drone_keyboard_controller' build argument 'cmake_target_skip_unavailable' from command line to 'False'
[0.425s] Level 5:colcon.colcon_core.verb:set package 'drone_keyboard_controller' build argument 'cmake_clean_cache' from command line to 'False'
[0.425s] Level 5:colcon.colcon_core.verb:set package 'drone_keyboard_controller' build argument 'cmake_clean_first' from command line to 'False'
[0.425s] Level 5:colcon.colcon_core.verb:set package 'drone_keyboard_controller' build argument 'cmake_force_configure' from command line to 'False'
[0.425s] Level 5:colcon.colcon_core.verb:set package 'drone_keyboard_controller' build argument 'ament_cmake_args' from command line to 'None'
[0.425s] Level 5:colcon.colcon_core.verb:set package 'drone_keyboard_controller' build argument 'catkin_cmake_args' from command line to 'None'
[0.425s] Level 5:colcon.colcon_core.verb:set package 'drone_keyboard_controller' build argument 'catkin_skip_building_tests' from command line to 'False'
[0.425s] DEBUG:colcon.colcon_core.verb:Building package 'drone_keyboard_controller' with the following arguments: {'ament_cmake_args': None, 'build_base': '/home/asrl/ROS2_ViconDroneCtrl/flight_controller_ws/build/drone_keyboard_controller', 'catkin_cmake_args': None, 'catkin_skip_building_tests': False, 'cmake_args': None, 'cmake_clean_cache': False, 'cmake_clean_first': False, 'cmake_force_configure': False, 'cmake_target': None, 'cmake_target_skip_unavailable': False, 'install_base': '/home/asrl/ROS2_ViconDroneCtrl/flight_controller_ws/install/drone_keyboard_controller', 'merge_install': False, 'path': '/home/asrl/ROS2_ViconDroneCtrl/flight_controller_ws/src/drone_keyboard_controller', 'symlink_install': True, 'test_result_base': None}
[0.425s] Level 5:colcon.colcon_core.verb:set package 'drone_offboard_missions' build argument 'cmake_args' from command line to 'None'
[0.425s] Level 5:colcon.colcon_core.verb:set package 'drone_offboard_missions' build argument 'cmake_target' from command line to 'None'
[0.425s] Level 5:colcon.colcon_core.verb:set package 'drone_offboard_missions' build argument 'cmake_target_skip_unavailable' from command line to 'False'
[0.425s] Level 5:colcon.colcon_core.verb:set package 'drone_offboard_missions' build argument 'cmake_clean_cache' from command line to 'False'
[0.425s] Level 5:colcon.colcon_core.verb:set package 'drone_offboard_missions' build argument 'cmake_clean_first' from command line to 'False'
[0.425s] Level 5:colcon.colcon_core.verb:set package 'drone_offboard_missions' build argument 'cmake_force_configure' from command line to 'False'
[0.425s] Level 5:colcon.colcon_core.verb:set package 'drone_offboard_missions' build argument 'ament_cmake_args' from command line to 'None'
[0.426s] Level 5:colcon.colcon_core.verb:set package 'drone_offboard_missions' build argument 'catkin_cmake_args' from command line to 'None'
[0.426s] Level 5:colcon.colcon_core.verb:set package 'drone_offboard_missions' build argument 'catkin_skip_building_tests' from command line to 'False'
[0.426s] DEBUG:colcon.colcon_core.verb:Building package 'drone_offboard_missions' with the following arguments: {'ament_cmake_args': None, 'build_base': '/home/asrl/ROS2_ViconDroneCtrl/flight_controller_ws/build/drone_offboard_missions', 'catkin_cmake_args': None, 'catkin_skip_building_tests': False, 'cmake_args': None, 'cmake_clean_cache': False, 'cmake_clean_first': False, 'cmake_force_configure': False, 'cmake_target': None, 'cmake_target_skip_unavailable': False, 'install_base': '/home/asrl/ROS2_ViconDroneCtrl/flight_controller_ws/install/drone_offboard_missions', 'merge_install': False, 'path': '/home/asrl/ROS2_ViconDroneCtrl/flight_controller_ws/src/drone_offboard_missions', 'symlink_install': True, 'test_result_base': None}
[0.426s] Level 5:colcon.colcon_core.verb:set package 'vicon_position_bridge' build argument 'cmake_args' from command line to 'None'
[0.426s] Level 5:colcon.colcon_core.verb:set package 'vicon_position_bridge' build argument 'cmake_target' from command line to 'None'
[0.426s] Level 5:colcon.colcon_core.verb:set package 'vicon_position_bridge' build argument 'cmake_target_skip_unavailable' from command line to 'False'
[0.426s] Level 5:colcon.colcon_core.verb:set package 'vicon_position_bridge' build argument 'cmake_clean_cache' from command line to 'False'
[0.426s] Level 5:colcon.colcon_core.verb:set package 'vicon_position_bridge' build argument 'cmake_clean_first' from command line to 'False'
[0.426s] Level 5:colcon.colcon_core.verb:set package 'vicon_position_bridge' build argument 'cmake_force_configure' from command line to 'False'
[0.426s] Level 5:colcon.colcon_core.verb:set package 'vicon_position_bridge' build argument 'ament_cmake_args' from command line to 'None'
[0.426s] Level 5:colcon.colcon_core.verb:set package 'vicon_position_bridge' build argument 'catkin_cmake_args' from command line to 'None'
[0.427s] Level 5:colcon.colcon_core.verb:set package 'vicon_position_bridge' build argument 'catkin_skip_building_tests' from command line to 'False'
[0.427s] DEBUG:colcon.colcon_core.verb:Building package 'vicon_position_bridge' with the following arguments: {'ament_cmake_args': None, 'build_base': '/home/asrl/ROS2_ViconDroneCtrl/flight_controller_ws/build/vicon_position_bridge', 'catkin_cmake_args': None, 'catkin_skip_building_tests': False, 'cmake_args': None, 'cmake_clean_cache': False, 'cmake_clean_first': False, 'cmake_force_configure': False, 'cmake_target': None, 'cmake_target_skip_unavailable': False, 'install_base': '/home/asrl/ROS2_ViconDroneCtrl/flight_controller_ws/install/vicon_position_bridge', 'merge_install': False, 'path': '/home/asrl/ROS2_ViconDroneCtrl/flight_controller_ws/src/vicon_position_bridge', 'symlink_install': True, 'test_result_base': None}
[0.427s] INFO:colcon.colcon_core.executor:Executing jobs using 'parallel' executor
[0.430s] DEBUG:colcon.colcon_parallel_executor.executor.parallel:run_until_complete
[0.430s] INFO:colcon.colcon_ros.task.ament_python.build:Building ROS package in '/home/asrl/ROS2_ViconDroneCtrl/flight_controller_ws/src/drone_keyboard_controller' with build type 'ament_python'
[0.430s] Level 1:colcon.colcon_core.shell:create_environment_hook('drone_keyboard_controller', 'ament_prefix_path')
[0.432s] INFO:colcon.colcon_core.plugin_system:Skipping extension 'colcon_core.shell.bat': Not used on non-Windows systems
[0.432s] INFO:colcon.colcon_core.shell:Creating environment hook '/home/asrl/ROS2_ViconDroneCtrl/flight_controller_ws/install/drone_keyboard_controller/share/drone_keyboard_controller/hook/ament_prefix_path.ps1'
[0.433s] INFO:colcon.colcon_core.shell:Creating environment descriptor '/home/asrl/ROS2_ViconDroneCtrl/flight_controller_ws/install/drone_keyboard_controller/share/drone_keyboard_controller/hook/ament_prefix_path.dsv'
[0.433s] INFO:colcon.colcon_core.shell:Creating environment hook '/home/asrl/ROS2_ViconDroneCtrl/flight_controller_ws/install/drone_keyboard_controller/share/drone_keyboard_controller/hook/ament_prefix_path.sh'
[0.434s] INFO:colcon.colcon_core.shell:Skip shell extension 'powershell' for command environment: Not usable outside of PowerShell
[0.434s] DEBUG:colcon.colcon_core.shell:Skip shell extension 'dsv' for command environment
[0.437s] INFO:colcon.colcon_core.task.python.build:Building Python package in '/home/asrl/ROS2_ViconDroneCtrl/flight_controller_ws/src/drone_offboard_missions'
[0.438s] INFO:colcon.colcon_core.shell:Skip shell extension 'powershell' for command environment: Not usable outside of PowerShell
[0.439s] DEBUG:colcon.colcon_core.shell:Skip shell extension 'dsv' for command environment
[0.442s] INFO:colcon.colcon_ros.task.ament_python.build:Building ROS package in '/home/asrl/ROS2_ViconDroneCtrl/flight_controller_ws/src/vicon_position_bridge' with build type 'ament_python'
[0.443s] Level 1:colcon.colcon_core.shell:create_environment_hook('vicon_position_bridge', 'ament_prefix_path')
[0.444s] INFO:colcon.colcon_core.shell:Creating environment hook '/home/asrl/ROS2_ViconDroneCtrl/flight_controller_ws/install/vicon_position_bridge/share/vicon_position_bridge/hook/ament_prefix_path.ps1'
[0.444s] INFO:colcon.colcon_core.shell:Creating environment descriptor '/home/asrl/ROS2_ViconDroneCtrl/flight_controller_ws/install/vicon_position_bridge/share/vicon_position_bridge/hook/ament_prefix_path.dsv'
[0.445s] INFO:colcon.colcon_core.shell:Creating environment hook '/home/asrl/ROS2_ViconDroneCtrl/flight_controller_ws/install/vicon_position_bridge/share/vicon_position_bridge/hook/ament_prefix_path.sh'
[0.446s] INFO:colcon.colcon_core.shell:Skip shell extension 'powershell' for command environment: Not usable outside of PowerShell
[0.446s] DEBUG:colcon.colcon_core.shell:Skip shell extension 'dsv' for command environment
[0.594s] INFO:colcon.colcon_core.task.python.build:Building Python package in '/home/asrl/ROS2_ViconDroneCtrl/flight_controller_ws/src/drone_keyboard_controller'
[0.596s] INFO:colcon.colcon_core.shell:Skip shell extension 'powershell' for command environment: Not usable outside of PowerShell
[0.596s] DEBUG:colcon.colcon_core.shell:Skip shell extension 'dsv' for command environment
[0.902s] INFO:colcon.colcon_core.task.python.build:Building Python package in '/home/asrl/ROS2_ViconDroneCtrl/flight_controller_ws/src/vicon_position_bridge'
[0.903s] INFO:colcon.colcon_core.shell:Skip shell extension 'powershell' for command environment: Not usable outside of PowerShell
[0.903s] DEBUG:colcon.colcon_core.shell:Skip shell extension 'dsv' for command environment
[0.977s] DEBUG:colcon.colcon_core.event_handler.log_command:Invoking command in '/home/asrl/ROS2_ViconDroneCtrl/flight_controller_ws/build/drone_offboard_missions': PYTHONPATH=/home/asrl/ROS2_ViconDroneCtrl/flight_controller_ws/build/drone_offboard_missions/prefix_override:/home/asrl/ROS2_ViconDroneCtrl/flight_controller_ws/install/drone_offboard_missions/lib/python3.8/site-packages:${PYTHONPATH} /usr/bin/python3 setup.py develop --editable --build-directory /home/asrl/ROS2_ViconDroneCtrl/flight_controller_ws/build/drone_offboard_missions/build --no-deps install_data
[1.140s] DEBUG:colcon.colcon_core.event_handler.log_command:Invoking command in '/home/asrl/ROS2_ViconDroneCtrl/flight_controller_ws/build/drone_keyboard_controller': PYTHONPATH=/home/asrl/ROS2_ViconDroneCtrl/flight_controller_ws/build/drone_keyboard_controller/prefix_override:/home/asrl/ROS2_ViconDroneCtrl/flight_controller_ws/install/drone_keyboard_controller/lib/python3.8/site-packages:${PYTHONPATH} /usr/bin/python3 setup.py develop --editable --build-directory /home/asrl/ROS2_ViconDroneCtrl/flight_controller_ws/build/drone_keyboard_controller/build --no-deps install_data
[1.144s] DEBUG:colcon.colcon_core.event_handler.log_command:Invoking command in '/home/asrl/ROS2_ViconDroneCtrl/flight_controller_ws/build/vicon_position_bridge': PYTHONPATH=/home/asrl/ROS2_ViconDroneCtrl/flight_controller_ws/build/vicon_position_bridge/prefix_override:/home/asrl/ROS2_ViconDroneCtrl/flight_controller_ws/install/vicon_position_bridge/lib/python3.8/site-packages:${PYTHONPATH} /usr/bin/python3 setup.py develop --editable --build-directory /home/asrl/ROS2_ViconDroneCtrl/flight_controller_ws/build/vicon_position_bridge/build --no-deps install_data
[1.265s] Level 1:colcon.colcon_core.shell:create_environment_hook('drone_offboard_missions', 'pythonpath_develop')
[1.266s] INFO:colcon.colcon_core.shell:Creating environment hook '/home/asrl/ROS2_ViconDroneCtrl/flight_controller_ws/build/drone_offboard_missions/share/drone_offboard_missions/hook/pythonpath_develop.ps1'
[1.267s] DEBUG:colcon.colcon_core.event_handler.log_command:Invoked command in '/home/asrl/ROS2_ViconDroneCtrl/flight_controller_ws/build/drone_offboard_missions' returned '0': PYTHONPATH=/home/asrl/ROS2_ViconDroneCtrl/flight_controller_ws/build/drone_offboard_missions/prefix_override:/home/asrl/ROS2_ViconDroneCtrl/flight_controller_ws/install/drone_offboard_missions/lib/python3.8/site-packages:${PYTHONPATH} /usr/bin/python3 setup.py develop --editable --build-directory /home/asrl/ROS2_ViconDroneCtrl/flight_controller_ws/build/drone_offboard_missions/build --no-deps install_data
[1.267s] INFO:colcon.colcon_core.shell:Creating environment descriptor '/home/asrl/ROS2_ViconDroneCtrl/flight_controller_ws/build/drone_offboard_missions/share/drone_offboard_missions/hook/pythonpath_develop.dsv'
[1.267s] INFO:colcon.colcon_core.shell:Creating environment hook '/home/asrl/ROS2_ViconDroneCtrl/flight_controller_ws/build/drone_offboard_missions/share/drone_offboard_missions/hook/pythonpath_develop.sh'
[1.272s] Level 1:colcon.colcon_core.environment:checking '/home/asrl/ROS2_ViconDroneCtrl/flight_controller_ws/install/drone_offboard_missions' for CMake module files
[1.272s] Level 1:colcon.colcon_core.environment:checking '/home/asrl/ROS2_ViconDroneCtrl/flight_controller_ws/install/drone_offboard_missions' for CMake config files
[1.273s] Level 1:colcon.colcon_core.environment:checking '/home/asrl/ROS2_ViconDroneCtrl/flight_controller_ws/install/drone_offboard_missions/lib'
[1.273s] Level 1:colcon.colcon_core.environment:checking '/home/asrl/ROS2_ViconDroneCtrl/flight_controller_ws/install/drone_offboard_missions/bin'
[1.273s] Level 1:colcon.colcon_core.environment:checking '/home/asrl/ROS2_ViconDroneCtrl/flight_controller_ws/install/drone_offboard_missions/lib/pkgconfig/drone_offboard_missions.pc'
[1.273s] Level 1:colcon.colcon_core.environment:checking '/home/asrl/ROS2_ViconDroneCtrl/flight_controller_ws/install/drone_offboard_missions/lib/python3.8/site-packages'
[1.273s] Level 1:colcon.colcon_core.shell:create_environment_hook('drone_offboard_missions', 'pythonpath')
[1.274s] INFO:colcon.colcon_core.shell:Creating environment hook '/home/asrl/ROS2_ViconDroneCtrl/flight_controller_ws/install/drone_offboard_missions/share/drone_offboard_missions/hook/pythonpath.ps1'
[1.274s] INFO:colcon.colcon_core.shell:Creating environment descriptor '/home/asrl/ROS2_ViconDroneCtrl/flight_controller_ws/install/drone_offboard_missions/share/drone_offboard_missions/hook/pythonpath.dsv'
[1.274s] INFO:colcon.colcon_core.shell:Creating environment hook '/home/asrl/ROS2_ViconDroneCtrl/flight_controller_ws/install/drone_offboard_missions/share/drone_offboard_missions/hook/pythonpath.sh'
[1.275s] Level 1:colcon.colcon_core.environment:checking '/home/asrl/ROS2_ViconDroneCtrl/flight_controller_ws/install/drone_offboard_missions/bin'
[1.275s] Level 1:colcon.colcon_core.environment:create_environment_scripts_only(drone_offboard_missions)
[1.276s] INFO:colcon.colcon_core.shell:Creating package script '/home/asrl/ROS2_ViconDroneCtrl/flight_controller_ws/install/drone_offboard_missions/share/drone_offboard_missions/package.ps1'
[1.276s] INFO:colcon.colcon_core.shell:Creating package descriptor '/home/asrl/ROS2_ViconDroneCtrl/flight_controller_ws/install/drone_offboard_missions/share/drone_offboard_missions/package.dsv'
[1.277s] INFO:colcon.colcon_core.shell:Creating package script '/home/asrl/ROS2_ViconDroneCtrl/flight_controller_ws/install/drone_offboard_missions/share/drone_offboard_missions/package.sh'
[1.277s] INFO:colcon.colcon_core.shell:Creating package script '/home/asrl/ROS2_ViconDroneCtrl/flight_controller_ws/install/drone_offboard_missions/share/drone_offboard_missions/package.bash'
[1.278s] INFO:colcon.colcon_core.shell:Creating package script '/home/asrl/ROS2_ViconDroneCtrl/flight_controller_ws/install/drone_offboard_missions/share/drone_offboard_missions/package.zsh'
[1.278s] Level 1:colcon.colcon_core.environment:create_file_with_runtime_dependencies(/home/asrl/ROS2_ViconDroneCtrl/flight_controller_ws/install/drone_offboard_missions/share/colcon-core/packages/drone_offboard_missions)
[1.422s] DEBUG:colcon.colcon_core.event_handler.log_command:Invoked command in '/home/asrl/ROS2_ViconDroneCtrl/flight_controller_ws/build/drone_keyboard_controller' returned '1': PYTHONPATH=/home/asrl/ROS2_ViconDroneCtrl/flight_controller_ws/build/drone_keyboard_controller/prefix_override:/home/asrl/ROS2_ViconDroneCtrl/flight_controller_ws/install/drone_keyboard_controller/lib/python3.8/site-packages:${PYTHONPATH} /usr/bin/python3 setup.py develop --editable --build-directory /home/asrl/ROS2_ViconDroneCtrl/flight_controller_ws/build/drone_keyboard_controller/build --no-deps install_data
[1.433s] DEBUG:colcon.colcon_parallel_executor.executor.parallel:closing loop
[1.433s] DEBUG:colcon.colcon_parallel_executor.executor.parallel:loop closed
[1.433s] DEBUG:colcon.colcon_parallel_executor.executor.parallel:run_until_complete finished with '1'
[1.433s] DEBUG:colcon.colcon_core.event_reactor:joining thread
[1.437s] INFO:colcon.colcon_core.plugin_system:Skipping extension 'colcon_notification.desktop_notification.terminal_notifier': Not used on non-Darwin systems
[1.437s] INFO:colcon.colcon_core.plugin_system:Skipping extension 'colcon_notification.desktop_notification.win32': Not used on non-Windows systems
[1.437s] INFO:colcon.colcon_notification.desktop_notification:Sending desktop notification using 'notify2'
[1.447s] DEBUG:colcon.colcon_core.event_reactor:joined thread
[1.448s] INFO:colcon.colcon_core.shell:Creating prefix script '/home/asrl/ROS2_ViconDroneCtrl/flight_controller_ws/install/local_setup.ps1'
[1.449s] INFO:colcon.colcon_core.shell:Creating prefix util module '/home/asrl/ROS2_ViconDroneCtrl/flight_controller_ws/install/_local_setup_util_ps1.py'
[1.450s] INFO:colcon.colcon_core.shell:Creating prefix chain script '/home/asrl/ROS2_ViconDroneCtrl/flight_controller_ws/install/setup.ps1'
[1.453s] INFO:colcon.colcon_core.shell:Creating prefix script '/home/asrl/ROS2_ViconDroneCtrl/flight_controller_ws/install/local_setup.sh'
[1.453s] INFO:colcon.colcon_core.shell:Creating prefix util module '/home/asrl/ROS2_ViconDroneCtrl/flight_controller_ws/install/_local_setup_util_sh.py'
[1.454s] INFO:colcon.colcon_core.shell:Creating prefix chain script '/home/asrl/ROS2_ViconDroneCtrl/flight_controller_ws/install/setup.sh'
[1.455s] INFO:colcon.colcon_core.shell:Creating prefix script '/home/asrl/ROS2_ViconDroneCtrl/flight_controller_ws/install/local_setup.bash'
[1.455s] INFO:colcon.colcon_core.shell:Creating prefix chain script '/home/asrl/ROS2_ViconDroneCtrl/flight_controller_ws/install/setup.bash'
[1.456s] INFO:colcon.colcon_core.shell:Creating prefix script '/home/asrl/ROS2_ViconDroneCtrl/flight_controller_ws/install/local_setup.zsh'
[1.456s] INFO:colcon.colcon_core.shell:Creating prefix chain script '/home/asrl/ROS2_ViconDroneCtrl/flight_controller_ws/install/setup.zsh'
