[0.207s] DEBUG:colcon:Command line arguments: ['/usr/bin/colcon', 'build', '--symlink-install']
[0.207s] DEBUG:colcon:Parsed command line arguments: Namespace(allow_overriding=[], ament_cmake_args=None, base_paths=['.'], build_base='build', catkin_cmake_args=None, catkin_skip_building_tests=False, cmake_args=None, cmake_clean_cache=False, cmake_clean_first=False, cmake_force_configure=False, cmake_target=None, cmake_target_skip_unavailable=False, continue_on_error=False, event_handlers=None, executor='parallel', ignore_user_meta=False, install_base='install', log_base=None, log_level=None, main=<bound method BuildVerb.main of <colcon_core.verb.build.BuildVerb object at 0x7efd617917c0>>, merge_install=False, metas=['./colcon.meta'], packages_above=None, packages_above_and_dependencies=None, packages_above_depth=None, packages_end=None, packages_ignore=None, packages_ignore_regex=None, packages_select=None, packages_select_build_failed=False, packages_select_by_dep=None, packages_select_regex=None, packages_select_test_failures=False, packages_skip=None, packages_skip_build_finished=False, packages_skip_by_dep=None, packages_skip_regex=None, packages_skip_test_passed=False, packages_skip_up_to=None, packages_start=None, packages_up_to=None, packages_up_to_regex=None, parallel_workers=16, paths=None, symlink_install=True, test_result_base=None, verb_extension=<colcon_core.verb.build.BuildVerb object at 0x7efd617917c0>, verb_name='build', verb_parser=<colcon_defaults.argument_parser.defaults.DefaultArgumentsDecorator object at 0x7efd61791d30>)
[0.225s] Level 1:colcon.colcon_core.package_discovery:discover_packages(colcon_meta) check parameters
[0.225s] Level 1:colcon.colcon_core.package_discovery:discover_packages(recursive) check parameters
[0.225s] Level 1:colcon.colcon_core.package_discovery:discover_packages(ignore) check parameters
[0.225s] Level 1:colcon.colcon_core.package_discovery:discover_packages(path) check parameters
[0.225s] Level 1:colcon.colcon_core.package_discovery:discover_packages(colcon_meta) discover
[0.225s] Level 1:colcon.colcon_core.package_discovery:discover_packages(recursive) discover
[0.225s] INFO:colcon.colcon_core.package_discovery:Crawling recursively for packages in '/home/asrl/ROS2_ViconDroneCtrl/flight_controller_ws'
[0.225s] Level 1:colcon.colcon_core.package_identification:_identify(.) by extensions ['ignore', 'ignore_ament_install']
[0.226s] Level 1:colcon.colcon_core.package_identification:_identify(.) by extension 'ignore'
[0.226s] Level 1:colcon.colcon_core.package_identification:_identify(.) by extension 'ignore_ament_install'
[0.226s] Level 1:colcon.colcon_core.package_identification:_identify(.) by extensions ['colcon_pkg']
[0.226s] Level 1:colcon.colcon_core.package_identification:_identify(.) by extension 'colcon_pkg'
[0.226s] Level 1:colcon.colcon_core.package_identification:_identify(.) by extensions ['colcon_meta']
[0.226s] Level 1:colcon.colcon_core.package_identification:_identify(.) by extension 'colcon_meta'
[0.226s] Level 1:colcon.colcon_core.package_identification:_identify(.) by extensions ['ros']
[0.226s] Level 1:colcon.colcon_core.package_identification:_identify(.) by extension 'ros'
[0.232s] Level 1:colcon.colcon_core.package_identification:_identify(.) by extensions ['cmake', 'python']
[0.232s] Level 1:colcon.colcon_core.package_identification:_identify(.) by extension 'cmake'
[0.232s] Level 1:colcon.colcon_core.package_identification:_identify(.) by extension 'python'
[0.233s] Level 1:colcon.colcon_core.package_identification:_identify(.) by extensions ['python_setup_py']
[0.233s] Level 1:colcon.colcon_core.package_identification:_identify(.) by extension 'python_setup_py'
[0.233s] Level 1:colcon.colcon_core.package_identification:_identify(build) by extensions ['ignore', 'ignore_ament_install']
[0.233s] Level 1:colcon.colcon_core.package_identification:_identify(build) by extension 'ignore'
[0.233s] Level 1:colcon.colcon_core.package_identification:_identify(build) ignored
[0.233s] Level 1:colcon.colcon_core.package_identification:_identify(install) by extensions ['ignore', 'ignore_ament_install']
[0.233s] Level 1:colcon.colcon_core.package_identification:_identify(install) by extension 'ignore'
[0.233s] Level 1:colcon.colcon_core.package_identification:_identify(install) ignored
[0.233s] Level 1:colcon.colcon_core.package_identification:_identify(log) by extensions ['ignore', 'ignore_ament_install']
[0.233s] Level 1:colcon.colcon_core.package_identification:_identify(log) by extension 'ignore'
[0.233s] Level 1:colcon.colcon_core.package_identification:_identify(log) ignored
[0.233s] Level 1:colcon.colcon_core.package_identification:_identify(src) by extensions ['ignore', 'ignore_ament_install']
[0.233s] Level 1:colcon.colcon_core.package_identification:_identify(src) by extension 'ignore'
[0.233s] Level 1:colcon.colcon_core.package_identification:_identify(src) by extension 'ignore_ament_install'
[0.233s] Level 1:colcon.colcon_core.package_identification:_identify(src) by extensions ['colcon_pkg']
[0.233s] Level 1:colcon.colcon_core.package_identification:_identify(src) by extension 'colcon_pkg'
[0.233s] Level 1:colcon.colcon_core.package_identification:_identify(src) by extensions ['colcon_meta']
[0.233s] Level 1:colcon.colcon_core.package_identification:_identify(src) by extension 'colcon_meta'
[0.233s] Level 1:colcon.colcon_core.package_identification:_identify(src) by extensions ['ros']
[0.233s] Level 1:colcon.colcon_core.package_identification:_identify(src) by extension 'ros'
[0.233s] Level 1:colcon.colcon_core.package_identification:_identify(src) by extensions ['cmake', 'python']
[0.233s] Level 1:colcon.colcon_core.package_identification:_identify(src) by extension 'cmake'
[0.233s] Level 1:colcon.colcon_core.package_identification:_identify(src) by extension 'python'
[0.233s] Level 1:colcon.colcon_core.package_identification:_identify(src) by extensions ['python_setup_py']
[0.233s] Level 1:colcon.colcon_core.package_identification:_identify(src) by extension 'python_setup_py'
[0.233s] Level 1:colcon.colcon_core.package_identification:_identify(src/drone_keyboard_controller) by extensions ['ignore', 'ignore_ament_install']
[0.233s] Level 1:colcon.colcon_core.package_identification:_identify(src/drone_keyboard_controller) by extension 'ignore'
[0.233s] Level 1:colcon.colcon_core.package_identification:_identify(src/drone_keyboard_controller) by extension 'ignore_ament_install'
[0.233s] Level 1:colcon.colcon_core.package_identification:_identify(src/drone_keyboard_controller) by extensions ['colcon_pkg']
[0.233s] Level 1:colcon.colcon_core.package_identification:_identify(src/drone_keyboard_controller) by extension 'colcon_pkg'
[0.233s] Level 1:colcon.colcon_core.package_identification:_identify(src/drone_keyboard_controller) by extensions ['colcon_meta']
[0.233s] Level 1:colcon.colcon_core.package_identification:_identify(src/drone_keyboard_controller) by extension 'colcon_meta'
[0.234s] Level 1:colcon.colcon_core.package_identification:_identify(src/drone_keyboard_controller) by extensions ['ros']
[0.234s] Level 1:colcon.colcon_core.package_identification:_identify(src/drone_keyboard_controller) by extension 'ros'
[0.236s] DEBUG:colcon.colcon_core.package_identification:Package 'src/drone_keyboard_controller' with type 'ros.ament_python' and name 'drone_keyboard_controller'
[0.236s] Level 1:colcon.colcon_core.package_identification:_identify(src/drone_offboard_missions) by extensions ['ignore', 'ignore_ament_install']
[0.236s] Level 1:colcon.colcon_core.package_identification:_identify(src/drone_offboard_missions) by extension 'ignore'
[0.236s] Level 1:colcon.colcon_core.package_identification:_identify(src/drone_offboard_missions) by extension 'ignore_ament_install'
[0.236s] Level 1:colcon.colcon_core.package_identification:_identify(src/drone_offboard_missions) by extensions ['colcon_pkg']
[0.236s] Level 1:colcon.colcon_core.package_identification:_identify(src/drone_offboard_missions) by extension 'colcon_pkg'
[0.236s] Level 1:colcon.colcon_core.package_identification:_identify(src/drone_offboard_missions) by extensions ['colcon_meta']
[0.236s] Level 1:colcon.colcon_core.package_identification:_identify(src/drone_offboard_missions) by extension 'colcon_meta'
[0.236s] Level 1:colcon.colcon_core.package_identification:_identify(src/drone_offboard_missions) by extensions ['ros']
[0.236s] Level 1:colcon.colcon_core.package_identification:_identify(src/drone_offboard_missions) by extension 'ros'
[0.237s] DEBUG:colcon.colcon_core.package_identification:Found ROS schema reference in package manifest in 'src/drone_offboard_missions'
[0.237s] WARNING:colcon.colcon_core.package_identification:Failed to parse ROS package manifest in 'src/drone_offboard_missions': Error(s) in package 'src/drone_offboard_missions/package.xml':
Error(s):
- The generic dependency on 'rclpy' is redundant with: build_depend, build_export_depend, exec_depend
[0.237s] Level 1:colcon.colcon_core.package_identification:_identify(src/drone_offboard_missions) by extensions ['cmake', 'python']
[0.237s] Level 1:colcon.colcon_core.package_identification:_identify(src/drone_offboard_missions) by extension 'cmake'
[0.237s] Level 1:colcon.colcon_core.package_identification:_identify(src/drone_offboard_missions) by extension 'python'
[0.237s] DEBUG:colcon.colcon_core.package_identification:Python package in 'src/drone_offboard_missions' passes arguments to the setup() function which requires a different identification extension than 'python'
[0.237s] Level 1:colcon.colcon_core.package_identification:_identify(src/drone_offboard_missions) by extensions ['python_setup_py']
[0.237s] Level 1:colcon.colcon_core.package_identification:_identify(src/drone_offboard_missions) by extension 'python_setup_py'
[0.397s] DEBUG:colcon.colcon_core.package_identification:Package 'src/drone_offboard_missions' with type 'python' and name 'drone_offboard_missions'
[0.397s] Level 1:colcon.colcon_core.package_identification:_identify(src/vicon_position_bridge) by extensions ['ignore', 'ignore_ament_install']
[0.397s] Level 1:colcon.colcon_core.package_identification:_identify(src/vicon_position_bridge) by extension 'ignore'
[0.397s] Level 1:colcon.colcon_core.package_identification:_identify(src/vicon_position_bridge) by extension 'ignore_ament_install'
[0.398s] Level 1:colcon.colcon_core.package_identification:_identify(src/vicon_position_bridge) by extensions ['colcon_pkg']
[0.398s] Level 1:colcon.colcon_core.package_identification:_identify(src/vicon_position_bridge) by extension 'colcon_pkg'
[0.398s] Level 1:colcon.colcon_core.package_identification:_identify(src/vicon_position_bridge) by extensions ['colcon_meta']
[0.398s] Level 1:colcon.colcon_core.package_identification:_identify(src/vicon_position_bridge) by extension 'colcon_meta'
[0.398s] Level 1:colcon.colcon_core.package_identification:_identify(src/vicon_position_bridge) by extensions ['ros']
[0.398s] Level 1:colcon.colcon_core.package_identification:_identify(src/vicon_position_bridge) by extension 'ros'
[0.399s] DEBUG:colcon.colcon_core.package_identification:Package 'src/vicon_position_bridge' with type 'ros.ament_python' and name 'vicon_position_bridge'
[0.399s] Level 1:colcon.colcon_core.package_discovery:discover_packages(recursive) using defaults
[0.399s] Level 1:colcon.colcon_core.package_discovery:discover_packages(ignore) discover
[0.399s] Level 1:colcon.colcon_core.package_discovery:discover_packages(ignore) using defaults
[0.399s] Level 1:colcon.colcon_core.package_discovery:discover_packages(path) discover
[0.399s] Level 1:colcon.colcon_core.package_discovery:discover_packages(path) using defaults
[0.416s] Level 1:colcon.colcon_core.package_discovery:discover_packages(prefix_path) check parameters
[0.416s] Level 1:colcon.colcon_core.package_discovery:discover_packages(prefix_path) discover
[0.426s] DEBUG:colcon.colcon_installed_package_information.package_discovery:Found 3 installed packages in /home/asrl/ros2_decawave/install
[0.427s] DEBUG:colcon.colcon_installed_package_information.package_discovery:Found 2 installed packages in /home/asrl/px4_ros_com_ros2/install
[0.427s] DEBUG:colcon.colcon_installed_package_information.package_discovery:Found 3 installed packages in /home/asrl/ROS2_ViconDroneCtrl/flight_controller_ws/install
[0.428s] DEBUG:colcon.colcon_installed_package_information.package_discovery:Found 3 installed packages in /home/asrl/Holybro-Demo/test_flight_ws_3/install
[0.429s] DEBUG:colcon.colcon_installed_package_information.package_discovery:Found 1 installed packages in /home/asrl/ros2-vicon-receiver/vicon_receiver/install
[0.430s] DEBUG:colcon.colcon_installed_package_information.package_discovery:Found 266 installed packages in /opt/ros/foxy
[0.430s] Level 1:colcon.colcon_core.package_discovery:discover_packages(prefix_path) using defaults
[0.469s] Level 5:colcon.colcon_core.verb:set package 'drone_keyboard_controller' build argument 'cmake_args' from command line to 'None'
[0.470s] Level 5:colcon.colcon_core.verb:set package 'drone_keyboard_controller' build argument 'cmake_target' from command line to 'None'
[0.470s] Level 5:colcon.colcon_core.verb:set package 'drone_keyboard_controller' build argument 'cmake_target_skip_unavailable' from command line to 'False'
[0.470s] Level 5:colcon.colcon_core.verb:set package 'drone_keyboard_controller' build argument 'cmake_clean_cache' from command line to 'False'
[0.470s] Level 5:colcon.colcon_core.verb:set package 'drone_keyboard_controller' build argument 'cmake_clean_first' from command line to 'False'
[0.470s] Level 5:colcon.colcon_core.verb:set package 'drone_keyboard_controller' build argument 'cmake_force_configure' from command line to 'False'
[0.470s] Level 5:colcon.colcon_core.verb:set package 'drone_keyboard_controller' build argument 'ament_cmake_args' from command line to 'None'
[0.470s] Level 5:colcon.colcon_core.verb:set package 'drone_keyboard_controller' build argument 'catkin_cmake_args' from command line to 'None'
[0.470s] Level 5:colcon.colcon_core.verb:set package 'drone_keyboard_controller' build argument 'catkin_skip_building_tests' from command line to 'False'
[0.470s] DEBUG:colcon.colcon_core.verb:Building package 'drone_keyboard_controller' with the following arguments: {'ament_cmake_args': None, 'build_base': '/home/asrl/ROS2_ViconDroneCtrl/flight_controller_ws/build/drone_keyboard_controller', 'catkin_cmake_args': None, 'catkin_skip_building_tests': False, 'cmake_args': None, 'cmake_clean_cache': False, 'cmake_clean_first': False, 'cmake_force_configure': False, 'cmake_target': None, 'cmake_target_skip_unavailable': False, 'install_base': '/home/asrl/ROS2_ViconDroneCtrl/flight_controller_ws/install/drone_keyboard_controller', 'merge_install': False, 'path': '/home/asrl/ROS2_ViconDroneCtrl/flight_controller_ws/src/drone_keyboard_controller', 'symlink_install': True, 'test_result_base': None}
[0.470s] Level 5:colcon.colcon_core.verb:set package 'drone_offboard_missions' build argument 'cmake_args' from command line to 'None'
[0.470s] Level 5:colcon.colcon_core.verb:set package 'drone_offboard_missions' build argument 'cmake_target' from command line to 'None'
[0.470s] Level 5:colcon.colcon_core.verb:set package 'drone_offboard_missions' build argument 'cmake_target_skip_unavailable' from command line to 'False'
[0.470s] Level 5:colcon.colcon_core.verb:set package 'drone_offboard_missions' build argument 'cmake_clean_cache' from command line to 'False'
[0.470s] Level 5:colcon.colcon_core.verb:set package 'drone_offboard_missions' build argument 'cmake_clean_first' from command line to 'False'
[0.470s] Level 5:colcon.colcon_core.verb:set package 'drone_offboard_missions' build argument 'cmake_force_configure' from command line to 'False'
[0.470s] Level 5:colcon.colcon_core.verb:set package 'drone_offboard_missions' build argument 'ament_cmake_args' from command line to 'None'
[0.470s] Level 5:colcon.colcon_core.verb:set package 'drone_offboard_missions' build argument 'catkin_cmake_args' from command line to 'None'
[0.470s] Level 5:colcon.colcon_core.verb:set package 'drone_offboard_missions' build argument 'catkin_skip_building_tests' from command line to 'False'
[0.470s] DEBUG:colcon.colcon_core.verb:Building package 'drone_offboard_missions' with the following arguments: {'ament_cmake_args': None, 'build_base': '/home/asrl/ROS2_ViconDroneCtrl/flight_controller_ws/build/drone_offboard_missions', 'catkin_cmake_args': None, 'catkin_skip_building_tests': False, 'cmake_args': None, 'cmake_clean_cache': False, 'cmake_clean_first': False, 'cmake_force_configure': False, 'cmake_target': None, 'cmake_target_skip_unavailable': False, 'install_base': '/home/asrl/ROS2_ViconDroneCtrl/flight_controller_ws/install/drone_offboard_missions', 'merge_install': False, 'path': '/home/asrl/ROS2_ViconDroneCtrl/flight_controller_ws/src/drone_offboard_missions', 'symlink_install': True, 'test_result_base': None}
[0.471s] Level 5:colcon.colcon_core.verb:set package 'vicon_position_bridge' build argument 'cmake_args' from command line to 'None'
[0.471s] Level 5:colcon.colcon_core.verb:set package 'vicon_position_bridge' build argument 'cmake_target' from command line to 'None'
[0.471s] Level 5:colcon.colcon_core.verb:set package 'vicon_position_bridge' build argument 'cmake_target_skip_unavailable' from command line to 'False'
[0.471s] Level 5:colcon.colcon_core.verb:set package 'vicon_position_bridge' build argument 'cmake_clean_cache' from command line to 'False'
[0.471s] Level 5:colcon.colcon_core.verb:set package 'vicon_position_bridge' build argument 'cmake_clean_first' from command line to 'False'
[0.471s] Level 5:colcon.colcon_core.verb:set package 'vicon_position_bridge' build argument 'cmake_force_configure' from command line to 'False'
[0.471s] Level 5:colcon.colcon_core.verb:set package 'vicon_position_bridge' build argument 'ament_cmake_args' from command line to 'None'
[0.471s] Level 5:colcon.colcon_core.verb:set package 'vicon_position_bridge' build argument 'catkin_cmake_args' from command line to 'None'
[0.471s] Level 5:colcon.colcon_core.verb:set package 'vicon_position_bridge' build argument 'catkin_skip_building_tests' from command line to 'False'
[0.471s] DEBUG:colcon.colcon_core.verb:Building package 'vicon_position_bridge' with the following arguments: {'ament_cmake_args': None, 'build_base': '/home/asrl/ROS2_ViconDroneCtrl/flight_controller_ws/build/vicon_position_bridge', 'catkin_cmake_args': None, 'catkin_skip_building_tests': False, 'cmake_args': None, 'cmake_clean_cache': False, 'cmake_clean_first': False, 'cmake_force_configure': False, 'cmake_target': None, 'cmake_target_skip_unavailable': False, 'install_base': '/home/asrl/ROS2_ViconDroneCtrl/flight_controller_ws/install/vicon_position_bridge', 'merge_install': False, 'path': '/home/asrl/ROS2_ViconDroneCtrl/flight_controller_ws/src/vicon_position_bridge', 'symlink_install': True, 'test_result_base': None}
[0.472s] INFO:colcon.colcon_core.executor:Executing jobs using 'parallel' executor
[0.474s] DEBUG:colcon.colcon_parallel_executor.executor.parallel:run_until_complete
[0.474s] INFO:colcon.colcon_ros.task.ament_python.build:Building ROS package in '/home/asrl/ROS2_ViconDroneCtrl/flight_controller_ws/src/drone_keyboard_controller' with build type 'ament_python'
[0.474s] Level 1:colcon.colcon_core.shell:create_environment_hook('drone_keyboard_controller', 'ament_prefix_path')
[0.477s] INFO:colcon.colcon_core.plugin_system:Skipping extension 'colcon_core.shell.bat': Not used on non-Windows systems
[0.477s] INFO:colcon.colcon_core.shell:Creating environment hook '/home/asrl/ROS2_ViconDroneCtrl/flight_controller_ws/install/drone_keyboard_controller/share/drone_keyboard_controller/hook/ament_prefix_path.ps1'
[0.478s] INFO:colcon.colcon_core.shell:Creating environment descriptor '/home/asrl/ROS2_ViconDroneCtrl/flight_controller_ws/install/drone_keyboard_controller/share/drone_keyboard_controller/hook/ament_prefix_path.dsv'
[0.478s] INFO:colcon.colcon_core.shell:Creating environment hook '/home/asrl/ROS2_ViconDroneCtrl/flight_controller_ws/install/drone_keyboard_controller/share/drone_keyboard_controller/hook/ament_prefix_path.sh'
[0.479s] INFO:colcon.colcon_core.shell:Skip shell extension 'powershell' for command environment: Not usable outside of PowerShell
[0.479s] DEBUG:colcon.colcon_core.shell:Skip shell extension 'dsv' for command environment
[0.485s] INFO:colcon.colcon_core.task.python.build:Building Python package in '/home/asrl/ROS2_ViconDroneCtrl/flight_controller_ws/src/drone_offboard_missions'
[0.487s] INFO:colcon.colcon_core.shell:Skip shell extension 'powershell' for command environment: Not usable outside of PowerShell
[0.487s] DEBUG:colcon.colcon_core.shell:Skip shell extension 'dsv' for command environment
[0.493s] INFO:colcon.colcon_ros.task.ament_python.build:Building ROS package in '/home/asrl/ROS2_ViconDroneCtrl/flight_controller_ws/src/vicon_position_bridge' with build type 'ament_python'
[0.494s] Level 1:colcon.colcon_core.shell:create_environment_hook('vicon_position_bridge', 'ament_prefix_path')
[0.495s] INFO:colcon.colcon_core.shell:Creating environment hook '/home/asrl/ROS2_ViconDroneCtrl/flight_controller_ws/install/vicon_position_bridge/share/vicon_position_bridge/hook/ament_prefix_path.ps1'
[0.495s] INFO:colcon.colcon_core.shell:Creating environment descriptor '/home/asrl/ROS2_ViconDroneCtrl/flight_controller_ws/install/vicon_position_bridge/share/vicon_position_bridge/hook/ament_prefix_path.dsv'
[0.495s] INFO:colcon.colcon_core.shell:Creating environment hook '/home/asrl/ROS2_ViconDroneCtrl/flight_controller_ws/install/vicon_position_bridge/share/vicon_position_bridge/hook/ament_prefix_path.sh'
[0.496s] INFO:colcon.colcon_core.shell:Skip shell extension 'powershell' for command environment: Not usable outside of PowerShell
[0.496s] DEBUG:colcon.colcon_core.shell:Skip shell extension 'dsv' for command environment
[0.665s] INFO:colcon.colcon_core.task.python.build:Building Python package in '/home/asrl/ROS2_ViconDroneCtrl/flight_controller_ws/src/drone_keyboard_controller'
[0.666s] INFO:colcon.colcon_core.shell:Skip shell extension 'powershell' for command environment: Not usable outside of PowerShell
[0.666s] DEBUG:colcon.colcon_core.shell:Skip shell extension 'dsv' for command environment
[1.007s] INFO:colcon.colcon_core.task.python.build:Building Python package in '/home/asrl/ROS2_ViconDroneCtrl/flight_controller_ws/src/vicon_position_bridge'
[1.008s] INFO:colcon.colcon_core.shell:Skip shell extension 'powershell' for command environment: Not usable outside of PowerShell
[1.008s] DEBUG:colcon.colcon_core.shell:Skip shell extension 'dsv' for command environment
[1.083s] DEBUG:colcon.colcon_core.event_handler.log_command:Invoking command in '/home/asrl/ROS2_ViconDroneCtrl/flight_controller_ws/build/drone_offboard_missions': PYTHONPATH=/home/asrl/ROS2_ViconDroneCtrl/flight_controller_ws/build/drone_offboard_missions/prefix_override:/home/asrl/ROS2_ViconDroneCtrl/flight_controller_ws/install/drone_offboard_missions/lib/python3.8/site-packages:${PYTHONPATH} /usr/bin/python3 setup.py develop --editable --build-directory /home/asrl/ROS2_ViconDroneCtrl/flight_controller_ws/build/drone_offboard_missions/build --no-deps install_data
[1.264s] DEBUG:colcon.colcon_core.event_handler.log_command:Invoking command in '/home/asrl/ROS2_ViconDroneCtrl/flight_controller_ws/build/drone_keyboard_controller': PYTHONPATH=/home/asrl/ROS2_ViconDroneCtrl/flight_controller_ws/build/drone_keyboard_controller/prefix_override:/home/asrl/ROS2_ViconDroneCtrl/flight_controller_ws/install/drone_keyboard_controller/lib/python3.8/site-packages:${PYTHONPATH} /usr/bin/python3 setup.py develop --editable --build-directory /home/asrl/ROS2_ViconDroneCtrl/flight_controller_ws/build/drone_keyboard_controller/build --no-deps install_data
[1.267s] DEBUG:colcon.colcon_core.event_handler.log_command:Invoking command in '/home/asrl/ROS2_ViconDroneCtrl/flight_controller_ws/build/vicon_position_bridge': PYTHONPATH=/home/asrl/ROS2_ViconDroneCtrl/flight_controller_ws/build/vicon_position_bridge/prefix_override:/home/asrl/ROS2_ViconDroneCtrl/flight_controller_ws/install/vicon_position_bridge/lib/python3.8/site-packages:${PYTHONPATH} /usr/bin/python3 setup.py develop --editable --build-directory /home/asrl/ROS2_ViconDroneCtrl/flight_controller_ws/build/vicon_position_bridge/build --no-deps install_data
[1.403s] Level 1:colcon.colcon_core.shell:create_environment_hook('drone_offboard_missions', 'pythonpath_develop')
[1.405s] INFO:colcon.colcon_core.shell:Creating environment hook '/home/asrl/ROS2_ViconDroneCtrl/flight_controller_ws/build/drone_offboard_missions/share/drone_offboard_missions/hook/pythonpath_develop.ps1'
[1.406s] DEBUG:colcon.colcon_core.event_handler.log_command:Invoked command in '/home/asrl/ROS2_ViconDroneCtrl/flight_controller_ws/build/drone_offboard_missions' returned '0': PYTHONPATH=/home/asrl/ROS2_ViconDroneCtrl/flight_controller_ws/build/drone_offboard_missions/prefix_override:/home/asrl/ROS2_ViconDroneCtrl/flight_controller_ws/install/drone_offboard_missions/lib/python3.8/site-packages:${PYTHONPATH} /usr/bin/python3 setup.py develop --editable --build-directory /home/asrl/ROS2_ViconDroneCtrl/flight_controller_ws/build/drone_offboard_missions/build --no-deps install_data
[1.406s] INFO:colcon.colcon_core.shell:Creating environment descriptor '/home/asrl/ROS2_ViconDroneCtrl/flight_controller_ws/build/drone_offboard_missions/share/drone_offboard_missions/hook/pythonpath_develop.dsv'
[1.406s] INFO:colcon.colcon_core.shell:Creating environment hook '/home/asrl/ROS2_ViconDroneCtrl/flight_controller_ws/build/drone_offboard_missions/share/drone_offboard_missions/hook/pythonpath_develop.sh'
[1.412s] Level 1:colcon.colcon_core.environment:checking '/home/asrl/ROS2_ViconDroneCtrl/flight_controller_ws/install/drone_offboard_missions' for CMake module files
[1.413s] Level 1:colcon.colcon_core.environment:checking '/home/asrl/ROS2_ViconDroneCtrl/flight_controller_ws/install/drone_offboard_missions' for CMake config files
[1.413s] Level 1:colcon.colcon_core.environment:checking '/home/asrl/ROS2_ViconDroneCtrl/flight_controller_ws/install/drone_offboard_missions/lib'
[1.414s] Level 1:colcon.colcon_core.environment:checking '/home/asrl/ROS2_ViconDroneCtrl/flight_controller_ws/install/drone_offboard_missions/bin'
[1.414s] Level 1:colcon.colcon_core.environment:checking '/home/asrl/ROS2_ViconDroneCtrl/flight_controller_ws/install/drone_offboard_missions/lib/pkgconfig/drone_offboard_missions.pc'
[1.414s] Level 1:colcon.colcon_core.environment:checking '/home/asrl/ROS2_ViconDroneCtrl/flight_controller_ws/install/drone_offboard_missions/lib/python3.8/site-packages'
[1.414s] Level 1:colcon.colcon_core.shell:create_environment_hook('drone_offboard_missions', 'pythonpath')
[1.416s] INFO:colcon.colcon_core.shell:Creating environment hook '/home/asrl/ROS2_ViconDroneCtrl/flight_controller_ws/install/drone_offboard_missions/share/drone_offboard_missions/hook/pythonpath.ps1'
[1.416s] INFO:colcon.colcon_core.shell:Creating environment descriptor '/home/asrl/ROS2_ViconDroneCtrl/flight_controller_ws/install/drone_offboard_missions/share/drone_offboard_missions/hook/pythonpath.dsv'
[1.417s] INFO:colcon.colcon_core.shell:Creating environment hook '/home/asrl/ROS2_ViconDroneCtrl/flight_controller_ws/install/drone_offboard_missions/share/drone_offboard_missions/hook/pythonpath.sh'
[1.417s] Level 1:colcon.colcon_core.environment:checking '/home/asrl/ROS2_ViconDroneCtrl/flight_controller_ws/install/drone_offboard_missions/bin'
[1.417s] Level 1:colcon.colcon_core.environment:create_environment_scripts_only(drone_offboard_missions)
[1.419s] INFO:colcon.colcon_core.shell:Creating package script '/home/asrl/ROS2_ViconDroneCtrl/flight_controller_ws/install/drone_offboard_missions/share/drone_offboard_missions/package.ps1'
[1.420s] INFO:colcon.colcon_core.shell:Creating package descriptor '/home/asrl/ROS2_ViconDroneCtrl/flight_controller_ws/install/drone_offboard_missions/share/drone_offboard_missions/package.dsv'
[1.420s] INFO:colcon.colcon_core.shell:Creating package script '/home/asrl/ROS2_ViconDroneCtrl/flight_controller_ws/install/drone_offboard_missions/share/drone_offboard_missions/package.sh'
[1.421s] INFO:colcon.colcon_core.shell:Creating package script '/home/asrl/ROS2_ViconDroneCtrl/flight_controller_ws/install/drone_offboard_missions/share/drone_offboard_missions/package.bash'
[1.422s] INFO:colcon.colcon_core.shell:Creating package script '/home/asrl/ROS2_ViconDroneCtrl/flight_controller_ws/install/drone_offboard_missions/share/drone_offboard_missions/package.zsh'
[1.422s] Level 1:colcon.colcon_core.environment:create_file_with_runtime_dependencies(/home/asrl/ROS2_ViconDroneCtrl/flight_controller_ws/install/drone_offboard_missions/share/colcon-core/packages/drone_offboard_missions)
[1.572s] Level 1:colcon.colcon_core.shell:create_environment_hook('vicon_position_bridge', 'pythonpath_develop')
[1.574s] INFO:colcon.colcon_core.shell:Creating environment hook '/home/asrl/ROS2_ViconDroneCtrl/flight_controller_ws/build/vicon_position_bridge/share/vicon_position_bridge/hook/pythonpath_develop.ps1'
[1.575s] DEBUG:colcon.colcon_core.event_handler.log_command:Invoked command in '/home/asrl/ROS2_ViconDroneCtrl/flight_controller_ws/build/vicon_position_bridge' returned '0': PYTHONPATH=/home/asrl/ROS2_ViconDroneCtrl/flight_controller_ws/build/vicon_position_bridge/prefix_override:/home/asrl/ROS2_ViconDroneCtrl/flight_controller_ws/install/vicon_position_bridge/lib/python3.8/site-packages:${PYTHONPATH} /usr/bin/python3 setup.py develop --editable --build-directory /home/asrl/ROS2_ViconDroneCtrl/flight_controller_ws/build/vicon_position_bridge/build --no-deps install_data
[1.575s] INFO:colcon.colcon_core.shell:Creating environment descriptor '/home/asrl/ROS2_ViconDroneCtrl/flight_controller_ws/build/vicon_position_bridge/share/vicon_position_bridge/hook/pythonpath_develop.dsv'
[1.575s] INFO:colcon.colcon_core.shell:Creating environment hook '/home/asrl/ROS2_ViconDroneCtrl/flight_controller_ws/build/vicon_position_bridge/share/vicon_position_bridge/hook/pythonpath_develop.sh'
[1.578s] Level 1:colcon.colcon_core.environment:checking '/home/asrl/ROS2_ViconDroneCtrl/flight_controller_ws/install/vicon_position_bridge' for CMake module files
[1.578s] Level 1:colcon.colcon_core.environment:checking '/home/asrl/ROS2_ViconDroneCtrl/flight_controller_ws/install/vicon_position_bridge' for CMake config files
[1.579s] Level 1:colcon.colcon_core.environment:checking '/home/asrl/ROS2_ViconDroneCtrl/flight_controller_ws/install/vicon_position_bridge/lib'
[1.579s] Level 1:colcon.colcon_core.environment:checking '/home/asrl/ROS2_ViconDroneCtrl/flight_controller_ws/install/vicon_position_bridge/bin'
[1.579s] Level 1:colcon.colcon_core.environment:checking '/home/asrl/ROS2_ViconDroneCtrl/flight_controller_ws/install/vicon_position_bridge/lib/pkgconfig/vicon_position_bridge.pc'
[1.579s] Level 1:colcon.colcon_core.environment:checking '/home/asrl/ROS2_ViconDroneCtrl/flight_controller_ws/install/vicon_position_bridge/lib/python3.8/site-packages'
[1.579s] Level 1:colcon.colcon_core.shell:create_environment_hook('vicon_position_bridge', 'pythonpath')
[1.580s] INFO:colcon.colcon_core.shell:Creating environment hook '/home/asrl/ROS2_ViconDroneCtrl/flight_controller_ws/install/vicon_position_bridge/share/vicon_position_bridge/hook/pythonpath.ps1'
[1.580s] INFO:colcon.colcon_core.shell:Creating environment descriptor '/home/asrl/ROS2_ViconDroneCtrl/flight_controller_ws/install/vicon_position_bridge/share/vicon_position_bridge/hook/pythonpath.dsv'
[1.580s] INFO:colcon.colcon_core.shell:Creating environment hook '/home/asrl/ROS2_ViconDroneCtrl/flight_controller_ws/install/vicon_position_bridge/share/vicon_position_bridge/hook/pythonpath.sh'
[1.581s] Level 1:colcon.colcon_core.environment:checking '/home/asrl/ROS2_ViconDroneCtrl/flight_controller_ws/install/vicon_position_bridge/bin'
[1.581s] Level 1:colcon.colcon_core.environment:create_environment_scripts_only(vicon_position_bridge)
[1.582s] INFO:colcon.colcon_core.shell:Creating package script '/home/asrl/ROS2_ViconDroneCtrl/flight_controller_ws/install/vicon_position_bridge/share/vicon_position_bridge/package.ps1'
[1.582s] INFO:colcon.colcon_core.shell:Creating package descriptor '/home/asrl/ROS2_ViconDroneCtrl/flight_controller_ws/install/vicon_position_bridge/share/vicon_position_bridge/package.dsv'
[1.582s] INFO:colcon.colcon_core.shell:Creating package script '/home/asrl/ROS2_ViconDroneCtrl/flight_controller_ws/install/vicon_position_bridge/share/vicon_position_bridge/package.sh'
[1.582s] INFO:colcon.colcon_core.shell:Creating package script '/home/asrl/ROS2_ViconDroneCtrl/flight_controller_ws/install/vicon_position_bridge/share/vicon_position_bridge/package.bash'
[1.583s] INFO:colcon.colcon_core.shell:Creating package script '/home/asrl/ROS2_ViconDroneCtrl/flight_controller_ws/install/vicon_position_bridge/share/vicon_position_bridge/package.zsh'
[1.583s] Level 1:colcon.colcon_core.environment:create_file_with_runtime_dependencies(/home/asrl/ROS2_ViconDroneCtrl/flight_controller_ws/install/vicon_position_bridge/share/colcon-core/packages/vicon_position_bridge)
[1.584s] Level 1:colcon.colcon_core.shell:create_environment_hook('drone_keyboard_controller', 'pythonpath_develop')
[1.585s] INFO:colcon.colcon_core.shell:Creating environment hook '/home/asrl/ROS2_ViconDroneCtrl/flight_controller_ws/build/drone_keyboard_controller/share/drone_keyboard_controller/hook/pythonpath_develop.ps1'
[1.585s] DEBUG:colcon.colcon_core.event_handler.log_command:Invoked command in '/home/asrl/ROS2_ViconDroneCtrl/flight_controller_ws/build/drone_keyboard_controller' returned '0': PYTHONPATH=/home/asrl/ROS2_ViconDroneCtrl/flight_controller_ws/build/drone_keyboard_controller/prefix_override:/home/asrl/ROS2_ViconDroneCtrl/flight_controller_ws/install/drone_keyboard_controller/lib/python3.8/site-packages:${PYTHONPATH} /usr/bin/python3 setup.py develop --editable --build-directory /home/asrl/ROS2_ViconDroneCtrl/flight_controller_ws/build/drone_keyboard_controller/build --no-deps install_data
[1.585s] INFO:colcon.colcon_core.shell:Creating environment descriptor '/home/asrl/ROS2_ViconDroneCtrl/flight_controller_ws/build/drone_keyboard_controller/share/drone_keyboard_controller/hook/pythonpath_develop.dsv'
[1.585s] INFO:colcon.colcon_core.shell:Creating environment hook '/home/asrl/ROS2_ViconDroneCtrl/flight_controller_ws/build/drone_keyboard_controller/share/drone_keyboard_controller/hook/pythonpath_develop.sh'
[1.587s] Level 1:colcon.colcon_core.environment:checking '/home/asrl/ROS2_ViconDroneCtrl/flight_controller_ws/install/drone_keyboard_controller' for CMake module files
[1.587s] Level 1:colcon.colcon_core.environment:checking '/home/asrl/ROS2_ViconDroneCtrl/flight_controller_ws/install/drone_keyboard_controller' for CMake config files
[1.587s] Level 1:colcon.colcon_core.environment:checking '/home/asrl/ROS2_ViconDroneCtrl/flight_controller_ws/install/drone_keyboard_controller/lib'
[1.587s] Level 1:colcon.colcon_core.environment:checking '/home/asrl/ROS2_ViconDroneCtrl/flight_controller_ws/install/drone_keyboard_controller/bin'
[1.587s] Level 1:colcon.colcon_core.environment:checking '/home/asrl/ROS2_ViconDroneCtrl/flight_controller_ws/install/drone_keyboard_controller/lib/pkgconfig/drone_keyboard_controller.pc'
[1.587s] Level 1:colcon.colcon_core.environment:checking '/home/asrl/ROS2_ViconDroneCtrl/flight_controller_ws/install/drone_keyboard_controller/lib/python3.8/site-packages'
[1.587s] Level 1:colcon.colcon_core.shell:create_environment_hook('drone_keyboard_controller', 'pythonpath')
[1.588s] INFO:colcon.colcon_core.shell:Creating environment hook '/home/asrl/ROS2_ViconDroneCtrl/flight_controller_ws/install/drone_keyboard_controller/share/drone_keyboard_controller/hook/pythonpath.ps1'
[1.589s] INFO:colcon.colcon_core.shell:Creating environment descriptor '/home/asrl/ROS2_ViconDroneCtrl/flight_controller_ws/install/drone_keyboard_controller/share/drone_keyboard_controller/hook/pythonpath.dsv'
[1.589s] INFO:colcon.colcon_core.shell:Creating environment hook '/home/asrl/ROS2_ViconDroneCtrl/flight_controller_ws/install/drone_keyboard_controller/share/drone_keyboard_controller/hook/pythonpath.sh'
[1.589s] Level 1:colcon.colcon_core.environment:checking '/home/asrl/ROS2_ViconDroneCtrl/flight_controller_ws/install/drone_keyboard_controller/bin'
[1.589s] Level 1:colcon.colcon_core.environment:create_environment_scripts_only(drone_keyboard_controller)
[1.590s] INFO:colcon.colcon_core.shell:Creating package script '/home/asrl/ROS2_ViconDroneCtrl/flight_controller_ws/install/drone_keyboard_controller/share/drone_keyboard_controller/package.ps1'
[1.590s] INFO:colcon.colcon_core.shell:Creating package descriptor '/home/asrl/ROS2_ViconDroneCtrl/flight_controller_ws/install/drone_keyboard_controller/share/drone_keyboard_controller/package.dsv'
[1.591s] INFO:colcon.colcon_core.shell:Creating package script '/home/asrl/ROS2_ViconDroneCtrl/flight_controller_ws/install/drone_keyboard_controller/share/drone_keyboard_controller/package.sh'
[1.591s] INFO:colcon.colcon_core.shell:Creating package script '/home/asrl/ROS2_ViconDroneCtrl/flight_controller_ws/install/drone_keyboard_controller/share/drone_keyboard_controller/package.bash'
[1.591s] INFO:colcon.colcon_core.shell:Creating package script '/home/asrl/ROS2_ViconDroneCtrl/flight_controller_ws/install/drone_keyboard_controller/share/drone_keyboard_controller/package.zsh'
[1.591s] Level 1:colcon.colcon_core.environment:create_file_with_runtime_dependencies(/home/asrl/ROS2_ViconDroneCtrl/flight_controller_ws/install/drone_keyboard_controller/share/colcon-core/packages/drone_keyboard_controller)
[1.591s] DEBUG:colcon.colcon_parallel_executor.executor.parallel:closing loop
[1.592s] DEBUG:colcon.colcon_parallel_executor.executor.parallel:loop closed
[1.592s] DEBUG:colcon.colcon_parallel_executor.executor.parallel:run_until_complete finished with '0'
[1.592s] DEBUG:colcon.colcon_core.event_reactor:joining thread
[1.596s] INFO:colcon.colcon_core.plugin_system:Skipping extension 'colcon_notification.desktop_notification.terminal_notifier': Not used on non-Darwin systems
[1.596s] INFO:colcon.colcon_core.plugin_system:Skipping extension 'colcon_notification.desktop_notification.win32': Not used on non-Windows systems
[1.596s] INFO:colcon.colcon_notification.desktop_notification:Sending desktop notification using 'notify2'
[1.605s] DEBUG:colcon.colcon_core.event_reactor:joined thread
[1.607s] INFO:colcon.colcon_core.shell:Creating prefix script '/home/asrl/ROS2_ViconDroneCtrl/flight_controller_ws/install/local_setup.ps1'
[1.607s] INFO:colcon.colcon_core.shell:Creating prefix util module '/home/asrl/ROS2_ViconDroneCtrl/flight_controller_ws/install/_local_setup_util_ps1.py'
[1.608s] INFO:colcon.colcon_core.shell:Creating prefix chain script '/home/asrl/ROS2_ViconDroneCtrl/flight_controller_ws/install/setup.ps1'
[1.609s] INFO:colcon.colcon_core.shell:Creating prefix script '/home/asrl/ROS2_ViconDroneCtrl/flight_controller_ws/install/local_setup.sh'
[1.610s] INFO:colcon.colcon_core.shell:Creating prefix util module '/home/asrl/ROS2_ViconDroneCtrl/flight_controller_ws/install/_local_setup_util_sh.py'
[1.610s] INFO:colcon.colcon_core.shell:Creating prefix chain script '/home/asrl/ROS2_ViconDroneCtrl/flight_controller_ws/install/setup.sh'
[1.611s] INFO:colcon.colcon_core.shell:Creating prefix script '/home/asrl/ROS2_ViconDroneCtrl/flight_controller_ws/install/local_setup.bash'
[1.612s] INFO:colcon.colcon_core.shell:Creating prefix chain script '/home/asrl/ROS2_ViconDroneCtrl/flight_controller_ws/install/setup.bash'
[1.613s] INFO:colcon.colcon_core.shell:Creating prefix script '/home/asrl/ROS2_ViconDroneCtrl/flight_controller_ws/install/local_setup.zsh'
[1.613s] INFO:colcon.colcon_core.shell:Creating prefix chain script '/home/asrl/ROS2_ViconDroneCtrl/flight_controller_ws/install/setup.zsh'
