[0.194s] DEBUG:colcon:Command line arguments: ['/usr/bin/colcon', 'build', '--symlink-install']
[0.194s] DEBUG:colcon:Parsed command line arguments: Namespace(allow_overriding=[], ament_cmake_args=None, base_paths=['.'], build_base='build', catkin_cmake_args=None, catkin_skip_building_tests=False, cmake_args=None, cmake_clean_cache=False, cmake_clean_first=False, cmake_force_configure=False, cmake_target=None, cmake_target_skip_unavailable=False, continue_on_error=False, event_handlers=None, executor='parallel', ignore_user_meta=False, install_base='install', log_base=None, log_level=None, main=<bound method BuildVerb.main of <colcon_core.verb.build.BuildVerb object at 0x7f0ecf001dc0>>, merge_install=False, metas=['./colcon.meta'], packages_above=None, packages_above_and_dependencies=None, packages_above_depth=None, packages_end=None, packages_ignore=None, packages_ignore_regex=None, packages_select=None, packages_select_build_failed=False, packages_select_by_dep=None, packages_select_regex=None, packages_select_test_failures=False, packages_skip=None, packages_skip_build_finished=False, packages_skip_by_dep=None, packages_skip_regex=None, packages_skip_test_passed=False, packages_skip_up_to=None, packages_start=None, packages_up_to=None, packages_up_to_regex=None, parallel_workers=16, paths=None, symlink_install=True, test_result_base=None, verb_extension=<colcon_core.verb.build.BuildVerb object at 0x7f0ecf001dc0>, verb_name='build', verb_parser=<colcon_defaults.argument_parser.defaults.DefaultArgumentsDecorator object at 0x7f0ecf00e370>)
[0.212s] Level 1:colcon.colcon_core.package_discovery:discover_packages(colcon_meta) check parameters
[0.212s] Level 1:colcon.colcon_core.package_discovery:discover_packages(recursive) check parameters
[0.212s] Level 1:colcon.colcon_core.package_discovery:discover_packages(ignore) check parameters
[0.213s] Level 1:colcon.colcon_core.package_discovery:discover_packages(path) check parameters
[0.213s] Level 1:colcon.colcon_core.package_discovery:discover_packages(colcon_meta) discover
[0.213s] Level 1:colcon.colcon_core.package_discovery:discover_packages(recursive) discover
[0.213s] INFO:colcon.colcon_core.package_discovery:Crawling recursively for packages in '/home/asrl/ROS2_ViconDroneCtrl/flight_controller_ws'
[0.213s] Level 1:colcon.colcon_core.package_identification:_identify(.) by extensions ['ignore', 'ignore_ament_install']
[0.213s] Level 1:colcon.colcon_core.package_identification:_identify(.) by extension 'ignore'
[0.213s] Level 1:colcon.colcon_core.package_identification:_identify(.) by extension 'ignore_ament_install'
[0.213s] Level 1:colcon.colcon_core.package_identification:_identify(.) by extensions ['colcon_pkg']
[0.213s] Level 1:colcon.colcon_core.package_identification:_identify(.) by extension 'colcon_pkg'
[0.213s] Level 1:colcon.colcon_core.package_identification:_identify(.) by extensions ['colcon_meta']
[0.213s] Level 1:colcon.colcon_core.package_identification:_identify(.) by extension 'colcon_meta'
[0.213s] Level 1:colcon.colcon_core.package_identification:_identify(.) by extensions ['ros']
[0.213s] Level 1:colcon.colcon_core.package_identification:_identify(.) by extension 'ros'
[0.219s] Level 1:colcon.colcon_core.package_identification:_identify(.) by extensions ['cmake', 'python']
[0.219s] Level 1:colcon.colcon_core.package_identification:_identify(.) by extension 'cmake'
[0.220s] Level 1:colcon.colcon_core.package_identification:_identify(.) by extension 'python'
[0.220s] Level 1:colcon.colcon_core.package_identification:_identify(.) by extensions ['python_setup_py']
[0.220s] Level 1:colcon.colcon_core.package_identification:_identify(.) by extension 'python_setup_py'
[0.220s] Level 1:colcon.colcon_core.package_identification:_identify(build) by extensions ['ignore', 'ignore_ament_install']
[0.220s] Level 1:colcon.colcon_core.package_identification:_identify(build) by extension 'ignore'
[0.220s] Level 1:colcon.colcon_core.package_identification:_identify(build) ignored
[0.220s] Level 1:colcon.colcon_core.package_identification:_identify(install) by extensions ['ignore', 'ignore_ament_install']
[0.220s] Level 1:colcon.colcon_core.package_identification:_identify(install) by extension 'ignore'
[0.220s] Level 1:colcon.colcon_core.package_identification:_identify(install) ignored
[0.220s] Level 1:colcon.colcon_core.package_identification:_identify(log) by extensions ['ignore', 'ignore_ament_install']
[0.220s] Level 1:colcon.colcon_core.package_identification:_identify(log) by extension 'ignore'
[0.220s] Level 1:colcon.colcon_core.package_identification:_identify(log) ignored
[0.220s] Level 1:colcon.colcon_core.package_identification:_identify(src) by extensions ['ignore', 'ignore_ament_install']
[0.220s] Level 1:colcon.colcon_core.package_identification:_identify(src) by extension 'ignore'
[0.220s] Level 1:colcon.colcon_core.package_identification:_identify(src) by extension 'ignore_ament_install'
[0.220s] Level 1:colcon.colcon_core.package_identification:_identify(src) by extensions ['colcon_pkg']
[0.220s] Level 1:colcon.colcon_core.package_identification:_identify(src) by extension 'colcon_pkg'
[0.220s] Level 1:colcon.colcon_core.package_identification:_identify(src) by extensions ['colcon_meta']
[0.220s] Level 1:colcon.colcon_core.package_identification:_identify(src) by extension 'colcon_meta'
[0.220s] Level 1:colcon.colcon_core.package_identification:_identify(src) by extensions ['ros']
[0.220s] Level 1:colcon.colcon_core.package_identification:_identify(src) by extension 'ros'
[0.220s] Level 1:colcon.colcon_core.package_identification:_identify(src) by extensions ['cmake', 'python']
[0.220s] Level 1:colcon.colcon_core.package_identification:_identify(src) by extension 'cmake'
[0.220s] Level 1:colcon.colcon_core.package_identification:_identify(src) by extension 'python'
[0.220s] Level 1:colcon.colcon_core.package_identification:_identify(src) by extensions ['python_setup_py']
[0.220s] Level 1:colcon.colcon_core.package_identification:_identify(src) by extension 'python_setup_py'
[0.220s] Level 1:colcon.colcon_core.package_identification:_identify(src/drone_keyboard_controller) by extensions ['ignore', 'ignore_ament_install']
[0.220s] Level 1:colcon.colcon_core.package_identification:_identify(src/drone_keyboard_controller) by extension 'ignore'
[0.220s] Level 1:colcon.colcon_core.package_identification:_identify(src/drone_keyboard_controller) by extension 'ignore_ament_install'
[0.220s] Level 1:colcon.colcon_core.package_identification:_identify(src/drone_keyboard_controller) by extensions ['colcon_pkg']
[0.221s] Level 1:colcon.colcon_core.package_identification:_identify(src/drone_keyboard_controller) by extension 'colcon_pkg'
[0.221s] Level 1:colcon.colcon_core.package_identification:_identify(src/drone_keyboard_controller) by extensions ['colcon_meta']
[0.221s] Level 1:colcon.colcon_core.package_identification:_identify(src/drone_keyboard_controller) by extension 'colcon_meta'
[0.221s] Level 1:colcon.colcon_core.package_identification:_identify(src/drone_keyboard_controller) by extensions ['ros']
[0.221s] Level 1:colcon.colcon_core.package_identification:_identify(src/drone_keyboard_controller) by extension 'ros'
[0.223s] DEBUG:colcon.colcon_core.package_identification:Package 'src/drone_keyboard_controller' with type 'ros.ament_python' and name 'drone_keyboard_controller'
[0.223s] Level 1:colcon.colcon_core.package_identification:_identify(src/drone_offboard_controller) by extensions ['ignore', 'ignore_ament_install']
[0.223s] Level 1:colcon.colcon_core.package_identification:_identify(src/drone_offboard_controller) by extension 'ignore'
[0.223s] Level 1:colcon.colcon_core.package_identification:_identify(src/drone_offboard_controller) by extension 'ignore_ament_install'
[0.223s] Level 1:colcon.colcon_core.package_identification:_identify(src/drone_offboard_controller) by extensions ['colcon_pkg']
[0.223s] Level 1:colcon.colcon_core.package_identification:_identify(src/drone_offboard_controller) by extension 'colcon_pkg'
[0.223s] Level 1:colcon.colcon_core.package_identification:_identify(src/drone_offboard_controller) by extensions ['colcon_meta']
[0.223s] Level 1:colcon.colcon_core.package_identification:_identify(src/drone_offboard_controller) by extension 'colcon_meta'
[0.223s] Level 1:colcon.colcon_core.package_identification:_identify(src/drone_offboard_controller) by extensions ['ros']
[0.223s] Level 1:colcon.colcon_core.package_identification:_identify(src/drone_offboard_controller) by extension 'ros'
[0.223s] DEBUG:colcon.colcon_core.package_identification:Package 'src/drone_offboard_controller' with type 'ros.ament_python' and name 'drone_offboard_controller'
[0.223s] Level 1:colcon.colcon_core.package_identification:_identify(src/vicon_position_bridge) by extensions ['ignore', 'ignore_ament_install']
[0.224s] Level 1:colcon.colcon_core.package_identification:_identify(src/vicon_position_bridge) by extension 'ignore'
[0.224s] Level 1:colcon.colcon_core.package_identification:_identify(src/vicon_position_bridge) by extension 'ignore_ament_install'
[0.224s] Level 1:colcon.colcon_core.package_identification:_identify(src/vicon_position_bridge) by extensions ['colcon_pkg']
[0.224s] Level 1:colcon.colcon_core.package_identification:_identify(src/vicon_position_bridge) by extension 'colcon_pkg'
[0.224s] Level 1:colcon.colcon_core.package_identification:_identify(src/vicon_position_bridge) by extensions ['colcon_meta']
[0.224s] Level 1:colcon.colcon_core.package_identification:_identify(src/vicon_position_bridge) by extension 'colcon_meta'
[0.224s] Level 1:colcon.colcon_core.package_identification:_identify(src/vicon_position_bridge) by extensions ['ros']
[0.224s] Level 1:colcon.colcon_core.package_identification:_identify(src/vicon_position_bridge) by extension 'ros'
[0.224s] DEBUG:colcon.colcon_core.package_identification:Package 'src/vicon_position_bridge' with type 'ros.ament_python' and name 'vicon_position_bridge'
[0.224s] Level 1:colcon.colcon_core.package_discovery:discover_packages(recursive) using defaults
[0.224s] Level 1:colcon.colcon_core.package_discovery:discover_packages(ignore) discover
[0.224s] Level 1:colcon.colcon_core.package_discovery:discover_packages(ignore) using defaults
[0.224s] Level 1:colcon.colcon_core.package_discovery:discover_packages(path) discover
[0.224s] Level 1:colcon.colcon_core.package_discovery:discover_packages(path) using defaults
[0.238s] Level 1:colcon.colcon_core.package_discovery:discover_packages(prefix_path) check parameters
[0.238s] Level 1:colcon.colcon_core.package_discovery:discover_packages(prefix_path) discover
[0.241s] DEBUG:colcon.colcon_installed_package_information.package_discovery:Found 266 installed packages in /opt/ros/foxy
[0.242s] Level 1:colcon.colcon_core.package_discovery:discover_packages(prefix_path) using defaults
[0.279s] Level 5:colcon.colcon_core.verb:set package 'drone_keyboard_controller' build argument 'cmake_args' from command line to 'None'
[0.279s] Level 5:colcon.colcon_core.verb:set package 'drone_keyboard_controller' build argument 'cmake_target' from command line to 'None'
[0.280s] Level 5:colcon.colcon_core.verb:set package 'drone_keyboard_controller' build argument 'cmake_target_skip_unavailable' from command line to 'False'
[0.280s] Level 5:colcon.colcon_core.verb:set package 'drone_keyboard_controller' build argument 'cmake_clean_cache' from command line to 'False'
[0.280s] Level 5:colcon.colcon_core.verb:set package 'drone_keyboard_controller' build argument 'cmake_clean_first' from command line to 'False'
[0.280s] Level 5:colcon.colcon_core.verb:set package 'drone_keyboard_controller' build argument 'cmake_force_configure' from command line to 'False'
[0.280s] Level 5:colcon.colcon_core.verb:set package 'drone_keyboard_controller' build argument 'ament_cmake_args' from command line to 'None'
[0.280s] Level 5:colcon.colcon_core.verb:set package 'drone_keyboard_controller' build argument 'catkin_cmake_args' from command line to 'None'
[0.280s] Level 5:colcon.colcon_core.verb:set package 'drone_keyboard_controller' build argument 'catkin_skip_building_tests' from command line to 'False'
[0.280s] DEBUG:colcon.colcon_core.verb:Building package 'drone_keyboard_controller' with the following arguments: {'ament_cmake_args': None, 'build_base': '/home/asrl/ROS2_ViconDroneCtrl/flight_controller_ws/build/drone_keyboard_controller', 'catkin_cmake_args': None, 'catkin_skip_building_tests': False, 'cmake_args': None, 'cmake_clean_cache': False, 'cmake_clean_first': False, 'cmake_force_configure': False, 'cmake_target': None, 'cmake_target_skip_unavailable': False, 'install_base': '/home/asrl/ROS2_ViconDroneCtrl/flight_controller_ws/install/drone_keyboard_controller', 'merge_install': False, 'path': '/home/asrl/ROS2_ViconDroneCtrl/flight_controller_ws/src/drone_keyboard_controller', 'symlink_install': True, 'test_result_base': None}
[0.280s] Level 5:colcon.colcon_core.verb:set package 'drone_offboard_controller' build argument 'cmake_args' from command line to 'None'
[0.280s] Level 5:colcon.colcon_core.verb:set package 'drone_offboard_controller' build argument 'cmake_target' from command line to 'None'
[0.280s] Level 5:colcon.colcon_core.verb:set package 'drone_offboard_controller' build argument 'cmake_target_skip_unavailable' from command line to 'False'
[0.280s] Level 5:colcon.colcon_core.verb:set package 'drone_offboard_controller' build argument 'cmake_clean_cache' from command line to 'False'
[0.280s] Level 5:colcon.colcon_core.verb:set package 'drone_offboard_controller' build argument 'cmake_clean_first' from command line to 'False'
[0.280s] Level 5:colcon.colcon_core.verb:set package 'drone_offboard_controller' build argument 'cmake_force_configure' from command line to 'False'
[0.280s] Level 5:colcon.colcon_core.verb:set package 'drone_offboard_controller' build argument 'ament_cmake_args' from command line to 'None'
[0.280s] Level 5:colcon.colcon_core.verb:set package 'drone_offboard_controller' build argument 'catkin_cmake_args' from command line to 'None'
[0.280s] Level 5:colcon.colcon_core.verb:set package 'drone_offboard_controller' build argument 'catkin_skip_building_tests' from command line to 'False'
[0.280s] DEBUG:colcon.colcon_core.verb:Building package 'drone_offboard_controller' with the following arguments: {'ament_cmake_args': None, 'build_base': '/home/asrl/ROS2_ViconDroneCtrl/flight_controller_ws/build/drone_offboard_controller', 'catkin_cmake_args': None, 'catkin_skip_building_tests': False, 'cmake_args': None, 'cmake_clean_cache': False, 'cmake_clean_first': False, 'cmake_force_configure': False, 'cmake_target': None, 'cmake_target_skip_unavailable': False, 'install_base': '/home/asrl/ROS2_ViconDroneCtrl/flight_controller_ws/install/drone_offboard_controller', 'merge_install': False, 'path': '/home/asrl/ROS2_ViconDroneCtrl/flight_controller_ws/src/drone_offboard_controller', 'symlink_install': True, 'test_result_base': None}
[0.281s] Level 5:colcon.colcon_core.verb:set package 'vicon_position_bridge' build argument 'cmake_args' from command line to 'None'
[0.281s] Level 5:colcon.colcon_core.verb:set package 'vicon_position_bridge' build argument 'cmake_target' from command line to 'None'
[0.281s] Level 5:colcon.colcon_core.verb:set package 'vicon_position_bridge' build argument 'cmake_target_skip_unavailable' from command line to 'False'
[0.281s] Level 5:colcon.colcon_core.verb:set package 'vicon_position_bridge' build argument 'cmake_clean_cache' from command line to 'False'
[0.281s] Level 5:colcon.colcon_core.verb:set package 'vicon_position_bridge' build argument 'cmake_clean_first' from command line to 'False'
[0.281s] Level 5:colcon.colcon_core.verb:set package 'vicon_position_bridge' build argument 'cmake_force_configure' from command line to 'False'
[0.281s] Level 5:colcon.colcon_core.verb:set package 'vicon_position_bridge' build argument 'ament_cmake_args' from command line to 'None'
[0.281s] Level 5:colcon.colcon_core.verb:set package 'vicon_position_bridge' build argument 'catkin_cmake_args' from command line to 'None'
[0.281s] Level 5:colcon.colcon_core.verb:set package 'vicon_position_bridge' build argument 'catkin_skip_building_tests' from command line to 'False'
[0.281s] DEBUG:colcon.colcon_core.verb:Building package 'vicon_position_bridge' with the following arguments: {'ament_cmake_args': None, 'build_base': '/home/asrl/ROS2_ViconDroneCtrl/flight_controller_ws/build/vicon_position_bridge', 'catkin_cmake_args': None, 'catkin_skip_building_tests': False, 'cmake_args': None, 'cmake_clean_cache': False, 'cmake_clean_first': False, 'cmake_force_configure': False, 'cmake_target': None, 'cmake_target_skip_unavailable': False, 'install_base': '/home/asrl/ROS2_ViconDroneCtrl/flight_controller_ws/install/vicon_position_bridge', 'merge_install': False, 'path': '/home/asrl/ROS2_ViconDroneCtrl/flight_controller_ws/src/vicon_position_bridge', 'symlink_install': True, 'test_result_base': None}
[0.282s] INFO:colcon.colcon_core.executor:Executing jobs using 'parallel' executor
[0.284s] DEBUG:colcon.colcon_parallel_executor.executor.parallel:run_until_complete
[0.284s] INFO:colcon.colcon_ros.task.ament_python.build:Building ROS package in '/home/asrl/ROS2_ViconDroneCtrl/flight_controller_ws/src/drone_keyboard_controller' with build type 'ament_python'
[0.284s] Level 1:colcon.colcon_core.shell:create_environment_hook('drone_keyboard_controller', 'ament_prefix_path')
[0.287s] INFO:colcon.colcon_core.plugin_system:Skipping extension 'colcon_core.shell.bat': Not used on non-Windows systems
[0.287s] INFO:colcon.colcon_core.shell:Creating environment hook '/home/asrl/ROS2_ViconDroneCtrl/flight_controller_ws/install/drone_keyboard_controller/share/drone_keyboard_controller/hook/ament_prefix_path.ps1'
[0.287s] INFO:colcon.colcon_core.shell:Creating environment descriptor '/home/asrl/ROS2_ViconDroneCtrl/flight_controller_ws/install/drone_keyboard_controller/share/drone_keyboard_controller/hook/ament_prefix_path.dsv'
[0.287s] INFO:colcon.colcon_core.shell:Creating environment hook '/home/asrl/ROS2_ViconDroneCtrl/flight_controller_ws/install/drone_keyboard_controller/share/drone_keyboard_controller/hook/ament_prefix_path.sh'
[0.289s] INFO:colcon.colcon_core.shell:Skip shell extension 'powershell' for command environment: Not usable outside of PowerShell
[0.289s] DEBUG:colcon.colcon_core.shell:Skip shell extension 'dsv' for command environment
[0.292s] INFO:colcon.colcon_ros.task.ament_python.build:Building ROS package in '/home/asrl/ROS2_ViconDroneCtrl/flight_controller_ws/src/drone_offboard_controller' with build type 'ament_python'
[0.292s] Level 1:colcon.colcon_core.shell:create_environment_hook('drone_offboard_controller', 'ament_prefix_path')
[0.293s] INFO:colcon.colcon_core.shell:Creating environment hook '/home/asrl/ROS2_ViconDroneCtrl/flight_controller_ws/install/drone_offboard_controller/share/drone_offboard_controller/hook/ament_prefix_path.ps1'
[0.294s] INFO:colcon.colcon_core.shell:Creating environment descriptor '/home/asrl/ROS2_ViconDroneCtrl/flight_controller_ws/install/drone_offboard_controller/share/drone_offboard_controller/hook/ament_prefix_path.dsv'
[0.294s] INFO:colcon.colcon_core.shell:Creating environment hook '/home/asrl/ROS2_ViconDroneCtrl/flight_controller_ws/install/drone_offboard_controller/share/drone_offboard_controller/hook/ament_prefix_path.sh'
[0.295s] INFO:colcon.colcon_core.shell:Skip shell extension 'powershell' for command environment: Not usable outside of PowerShell
[0.295s] DEBUG:colcon.colcon_core.shell:Skip shell extension 'dsv' for command environment
[0.298s] INFO:colcon.colcon_ros.task.ament_python.build:Building ROS package in '/home/asrl/ROS2_ViconDroneCtrl/flight_controller_ws/src/vicon_position_bridge' with build type 'ament_python'
[0.298s] Level 1:colcon.colcon_core.shell:create_environment_hook('vicon_position_bridge', 'ament_prefix_path')
[0.299s] INFO:colcon.colcon_core.shell:Creating environment hook '/home/asrl/ROS2_ViconDroneCtrl/flight_controller_ws/install/vicon_position_bridge/share/vicon_position_bridge/hook/ament_prefix_path.ps1'
[0.300s] INFO:colcon.colcon_core.shell:Creating environment descriptor '/home/asrl/ROS2_ViconDroneCtrl/flight_controller_ws/install/vicon_position_bridge/share/vicon_position_bridge/hook/ament_prefix_path.dsv'
[0.300s] INFO:colcon.colcon_core.shell:Creating environment hook '/home/asrl/ROS2_ViconDroneCtrl/flight_controller_ws/install/vicon_position_bridge/share/vicon_position_bridge/hook/ament_prefix_path.sh'
[0.301s] INFO:colcon.colcon_core.shell:Skip shell extension 'powershell' for command environment: Not usable outside of PowerShell
[0.301s] DEBUG:colcon.colcon_core.shell:Skip shell extension 'dsv' for command environment
[0.449s] INFO:colcon.colcon_core.task.python.build:Building Python package in '/home/asrl/ROS2_ViconDroneCtrl/flight_controller_ws/src/drone_keyboard_controller'
[0.451s] INFO:colcon.colcon_core.shell:Skip shell extension 'powershell' for command environment: Not usable outside of PowerShell
[0.451s] DEBUG:colcon.colcon_core.shell:Skip shell extension 'dsv' for command environment
[0.624s] INFO:colcon.colcon_core.task.python.build:Building Python package in '/home/asrl/ROS2_ViconDroneCtrl/flight_controller_ws/src/drone_offboard_controller'
[0.626s] INFO:colcon.colcon_core.shell:Skip shell extension 'powershell' for command environment: Not usable outside of PowerShell
[0.626s] DEBUG:colcon.colcon_core.shell:Skip shell extension 'dsv' for command environment
[0.783s] INFO:colcon.colcon_core.task.python.build:Building Python package in '/home/asrl/ROS2_ViconDroneCtrl/flight_controller_ws/src/vicon_position_bridge'
[0.785s] INFO:colcon.colcon_core.shell:Skip shell extension 'powershell' for command environment: Not usable outside of PowerShell
[0.785s] DEBUG:colcon.colcon_core.shell:Skip shell extension 'dsv' for command environment
[1.020s] DEBUG:colcon.colcon_core.event_handler.log_command:Invoking command in '/home/asrl/ROS2_ViconDroneCtrl/flight_controller_ws/build/drone_keyboard_controller': PYTHONPATH=/home/asrl/ROS2_ViconDroneCtrl/flight_controller_ws/build/drone_keyboard_controller/prefix_override:/home/asrl/ROS2_ViconDroneCtrl/flight_controller_ws/install/drone_keyboard_controller/lib/python3.8/site-packages:${PYTHONPATH} /usr/bin/python3 setup.py develop --editable --build-directory /home/asrl/ROS2_ViconDroneCtrl/flight_controller_ws/build/drone_keyboard_controller/build --no-deps install_data
[1.026s] DEBUG:colcon.colcon_core.event_handler.log_command:Invoking command in '/home/asrl/ROS2_ViconDroneCtrl/flight_controller_ws/build/drone_offboard_controller': PYTHONPATH=/home/asrl/ROS2_ViconDroneCtrl/flight_controller_ws/build/drone_offboard_controller/prefix_override:/home/asrl/ROS2_ViconDroneCtrl/flight_controller_ws/install/drone_offboard_controller/lib/python3.8/site-packages:${PYTHONPATH} /usr/bin/python3 setup.py develop --editable --build-directory /home/asrl/ROS2_ViconDroneCtrl/flight_controller_ws/build/drone_offboard_controller/build --no-deps install_data
[1.028s] DEBUG:colcon.colcon_core.event_handler.log_command:Invoking command in '/home/asrl/ROS2_ViconDroneCtrl/flight_controller_ws/build/vicon_position_bridge': PYTHONPATH=/home/asrl/ROS2_ViconDroneCtrl/flight_controller_ws/build/vicon_position_bridge/prefix_override:/home/asrl/ROS2_ViconDroneCtrl/flight_controller_ws/install/vicon_position_bridge/lib/python3.8/site-packages:${PYTHONPATH} /usr/bin/python3 setup.py develop --editable --build-directory /home/asrl/ROS2_ViconDroneCtrl/flight_controller_ws/build/vicon_position_bridge/build --no-deps install_data
[1.337s] Level 1:colcon.colcon_core.shell:create_environment_hook('drone_keyboard_controller', 'pythonpath_develop')
[1.340s] INFO:colcon.colcon_core.shell:Creating environment hook '/home/asrl/ROS2_ViconDroneCtrl/flight_controller_ws/build/drone_keyboard_controller/share/drone_keyboard_controller/hook/pythonpath_develop.ps1'
[1.340s] DEBUG:colcon.colcon_core.event_handler.log_command:Invoked command in '/home/asrl/ROS2_ViconDroneCtrl/flight_controller_ws/build/drone_keyboard_controller' returned '0': PYTHONPATH=/home/asrl/ROS2_ViconDroneCtrl/flight_controller_ws/build/drone_keyboard_controller/prefix_override:/home/asrl/ROS2_ViconDroneCtrl/flight_controller_ws/install/drone_keyboard_controller/lib/python3.8/site-packages:${PYTHONPATH} /usr/bin/python3 setup.py develop --editable --build-directory /home/asrl/ROS2_ViconDroneCtrl/flight_controller_ws/build/drone_keyboard_controller/build --no-deps install_data
[1.341s] INFO:colcon.colcon_core.shell:Creating environment descriptor '/home/asrl/ROS2_ViconDroneCtrl/flight_controller_ws/build/drone_keyboard_controller/share/drone_keyboard_controller/hook/pythonpath_develop.dsv'
[1.341s] INFO:colcon.colcon_core.shell:Creating environment hook '/home/asrl/ROS2_ViconDroneCtrl/flight_controller_ws/build/drone_keyboard_controller/share/drone_keyboard_controller/hook/pythonpath_develop.sh'
[1.347s] Level 1:colcon.colcon_core.environment:checking '/home/asrl/ROS2_ViconDroneCtrl/flight_controller_ws/install/drone_keyboard_controller' for CMake module files
[1.347s] Level 1:colcon.colcon_core.environment:checking '/home/asrl/ROS2_ViconDroneCtrl/flight_controller_ws/install/drone_keyboard_controller' for CMake config files
[1.348s] Level 1:colcon.colcon_core.environment:checking '/home/asrl/ROS2_ViconDroneCtrl/flight_controller_ws/install/drone_keyboard_controller/lib'
[1.348s] Level 1:colcon.colcon_core.environment:checking '/home/asrl/ROS2_ViconDroneCtrl/flight_controller_ws/install/drone_keyboard_controller/bin'
[1.348s] Level 1:colcon.colcon_core.environment:checking '/home/asrl/ROS2_ViconDroneCtrl/flight_controller_ws/install/drone_keyboard_controller/lib/pkgconfig/drone_keyboard_controller.pc'
[1.348s] Level 1:colcon.colcon_core.environment:checking '/home/asrl/ROS2_ViconDroneCtrl/flight_controller_ws/install/drone_keyboard_controller/lib/python3.8/site-packages'
[1.349s] Level 1:colcon.colcon_core.shell:create_environment_hook('drone_keyboard_controller', 'pythonpath')
[1.350s] INFO:colcon.colcon_core.shell:Creating environment hook '/home/asrl/ROS2_ViconDroneCtrl/flight_controller_ws/install/drone_keyboard_controller/share/drone_keyboard_controller/hook/pythonpath.ps1'
[1.351s] INFO:colcon.colcon_core.shell:Creating environment descriptor '/home/asrl/ROS2_ViconDroneCtrl/flight_controller_ws/install/drone_keyboard_controller/share/drone_keyboard_controller/hook/pythonpath.dsv'
[1.351s] INFO:colcon.colcon_core.shell:Creating environment hook '/home/asrl/ROS2_ViconDroneCtrl/flight_controller_ws/install/drone_keyboard_controller/share/drone_keyboard_controller/hook/pythonpath.sh'
[1.351s] Level 1:colcon.colcon_core.environment:checking '/home/asrl/ROS2_ViconDroneCtrl/flight_controller_ws/install/drone_keyboard_controller/bin'
[1.351s] Level 1:colcon.colcon_core.environment:create_environment_scripts_only(drone_keyboard_controller)
[1.353s] INFO:colcon.colcon_core.shell:Creating package script '/home/asrl/ROS2_ViconDroneCtrl/flight_controller_ws/install/drone_keyboard_controller/share/drone_keyboard_controller/package.ps1'
[1.354s] INFO:colcon.colcon_core.shell:Creating package descriptor '/home/asrl/ROS2_ViconDroneCtrl/flight_controller_ws/install/drone_keyboard_controller/share/drone_keyboard_controller/package.dsv'
[1.354s] INFO:colcon.colcon_core.shell:Creating package script '/home/asrl/ROS2_ViconDroneCtrl/flight_controller_ws/install/drone_keyboard_controller/share/drone_keyboard_controller/package.sh'
[1.355s] INFO:colcon.colcon_core.shell:Creating package script '/home/asrl/ROS2_ViconDroneCtrl/flight_controller_ws/install/drone_keyboard_controller/share/drone_keyboard_controller/package.bash'
[1.355s] INFO:colcon.colcon_core.shell:Creating package script '/home/asrl/ROS2_ViconDroneCtrl/flight_controller_ws/install/drone_keyboard_controller/share/drone_keyboard_controller/package.zsh'
[1.356s] Level 1:colcon.colcon_core.environment:create_file_with_runtime_dependencies(/home/asrl/ROS2_ViconDroneCtrl/flight_controller_ws/install/drone_keyboard_controller/share/colcon-core/packages/drone_keyboard_controller)
[1.357s] Level 1:colcon.colcon_core.shell:create_environment_hook('drone_offboard_controller', 'pythonpath_develop')
[1.358s] INFO:colcon.colcon_core.shell:Creating environment hook '/home/asrl/ROS2_ViconDroneCtrl/flight_controller_ws/build/drone_offboard_controller/share/drone_offboard_controller/hook/pythonpath_develop.ps1'
[1.358s] DEBUG:colcon.colcon_core.event_handler.log_command:Invoked command in '/home/asrl/ROS2_ViconDroneCtrl/flight_controller_ws/build/drone_offboard_controller' returned '0': PYTHONPATH=/home/asrl/ROS2_ViconDroneCtrl/flight_controller_ws/build/drone_offboard_controller/prefix_override:/home/asrl/ROS2_ViconDroneCtrl/flight_controller_ws/install/drone_offboard_controller/lib/python3.8/site-packages:${PYTHONPATH} /usr/bin/python3 setup.py develop --editable --build-directory /home/asrl/ROS2_ViconDroneCtrl/flight_controller_ws/build/drone_offboard_controller/build --no-deps install_data
[1.358s] INFO:colcon.colcon_core.shell:Creating environment descriptor '/home/asrl/ROS2_ViconDroneCtrl/flight_controller_ws/build/drone_offboard_controller/share/drone_offboard_controller/hook/pythonpath_develop.dsv'
[1.359s] INFO:colcon.colcon_core.shell:Creating environment hook '/home/asrl/ROS2_ViconDroneCtrl/flight_controller_ws/build/drone_offboard_controller/share/drone_offboard_controller/hook/pythonpath_develop.sh'
[1.360s] Level 1:colcon.colcon_core.environment:checking '/home/asrl/ROS2_ViconDroneCtrl/flight_controller_ws/install/drone_offboard_controller' for CMake module files
[1.360s] Level 1:colcon.colcon_core.environment:checking '/home/asrl/ROS2_ViconDroneCtrl/flight_controller_ws/install/drone_offboard_controller' for CMake config files
[1.361s] Level 1:colcon.colcon_core.environment:checking '/home/asrl/ROS2_ViconDroneCtrl/flight_controller_ws/install/drone_offboard_controller/lib'
[1.361s] Level 1:colcon.colcon_core.environment:checking '/home/asrl/ROS2_ViconDroneCtrl/flight_controller_ws/install/drone_offboard_controller/bin'
[1.361s] Level 1:colcon.colcon_core.environment:checking '/home/asrl/ROS2_ViconDroneCtrl/flight_controller_ws/install/drone_offboard_controller/lib/pkgconfig/drone_offboard_controller.pc'
[1.361s] Level 1:colcon.colcon_core.environment:checking '/home/asrl/ROS2_ViconDroneCtrl/flight_controller_ws/install/drone_offboard_controller/lib/python3.8/site-packages'
[1.361s] Level 1:colcon.colcon_core.shell:create_environment_hook('drone_offboard_controller', 'pythonpath')
[1.362s] INFO:colcon.colcon_core.shell:Creating environment hook '/home/asrl/ROS2_ViconDroneCtrl/flight_controller_ws/install/drone_offboard_controller/share/drone_offboard_controller/hook/pythonpath.ps1'
[1.362s] INFO:colcon.colcon_core.shell:Creating environment descriptor '/home/asrl/ROS2_ViconDroneCtrl/flight_controller_ws/install/drone_offboard_controller/share/drone_offboard_controller/hook/pythonpath.dsv'
[1.362s] INFO:colcon.colcon_core.shell:Creating environment hook '/home/asrl/ROS2_ViconDroneCtrl/flight_controller_ws/install/drone_offboard_controller/share/drone_offboard_controller/hook/pythonpath.sh'
[1.362s] Level 1:colcon.colcon_core.environment:checking '/home/asrl/ROS2_ViconDroneCtrl/flight_controller_ws/install/drone_offboard_controller/bin'
[1.362s] Level 1:colcon.colcon_core.environment:create_environment_scripts_only(drone_offboard_controller)
[1.363s] INFO:colcon.colcon_core.shell:Creating package script '/home/asrl/ROS2_ViconDroneCtrl/flight_controller_ws/install/drone_offboard_controller/share/drone_offboard_controller/package.ps1'
[1.364s] INFO:colcon.colcon_core.shell:Creating package descriptor '/home/asrl/ROS2_ViconDroneCtrl/flight_controller_ws/install/drone_offboard_controller/share/drone_offboard_controller/package.dsv'
[1.364s] INFO:colcon.colcon_core.shell:Creating package script '/home/asrl/ROS2_ViconDroneCtrl/flight_controller_ws/install/drone_offboard_controller/share/drone_offboard_controller/package.sh'
[1.364s] INFO:colcon.colcon_core.shell:Creating package script '/home/asrl/ROS2_ViconDroneCtrl/flight_controller_ws/install/drone_offboard_controller/share/drone_offboard_controller/package.bash'
[1.364s] INFO:colcon.colcon_core.shell:Creating package script '/home/asrl/ROS2_ViconDroneCtrl/flight_controller_ws/install/drone_offboard_controller/share/drone_offboard_controller/package.zsh'
[1.364s] Level 1:colcon.colcon_core.environment:create_file_with_runtime_dependencies(/home/asrl/ROS2_ViconDroneCtrl/flight_controller_ws/install/drone_offboard_controller/share/colcon-core/packages/drone_offboard_controller)
[1.364s] Level 1:colcon.colcon_core.shell:create_environment_hook('vicon_position_bridge', 'pythonpath_develop')
[1.366s] INFO:colcon.colcon_core.shell:Creating environment hook '/home/asrl/ROS2_ViconDroneCtrl/flight_controller_ws/build/vicon_position_bridge/share/vicon_position_bridge/hook/pythonpath_develop.ps1'
[1.366s] DEBUG:colcon.colcon_core.event_handler.log_command:Invoked command in '/home/asrl/ROS2_ViconDroneCtrl/flight_controller_ws/build/vicon_position_bridge' returned '0': PYTHONPATH=/home/asrl/ROS2_ViconDroneCtrl/flight_controller_ws/build/vicon_position_bridge/prefix_override:/home/asrl/ROS2_ViconDroneCtrl/flight_controller_ws/install/vicon_position_bridge/lib/python3.8/site-packages:${PYTHONPATH} /usr/bin/python3 setup.py develop --editable --build-directory /home/asrl/ROS2_ViconDroneCtrl/flight_controller_ws/build/vicon_position_bridge/build --no-deps install_data
[1.366s] INFO:colcon.colcon_core.shell:Creating environment descriptor '/home/asrl/ROS2_ViconDroneCtrl/flight_controller_ws/build/vicon_position_bridge/share/vicon_position_bridge/hook/pythonpath_develop.dsv'
[1.366s] INFO:colcon.colcon_core.shell:Creating environment hook '/home/asrl/ROS2_ViconDroneCtrl/flight_controller_ws/build/vicon_position_bridge/share/vicon_position_bridge/hook/pythonpath_develop.sh'
[1.368s] Level 1:colcon.colcon_core.environment:checking '/home/asrl/ROS2_ViconDroneCtrl/flight_controller_ws/install/vicon_position_bridge' for CMake module files
[1.369s] Level 1:colcon.colcon_core.environment:checking '/home/asrl/ROS2_ViconDroneCtrl/flight_controller_ws/install/vicon_position_bridge' for CMake config files
[1.369s] Level 1:colcon.colcon_core.environment:checking '/home/asrl/ROS2_ViconDroneCtrl/flight_controller_ws/install/vicon_position_bridge/lib'
[1.369s] Level 1:colcon.colcon_core.environment:checking '/home/asrl/ROS2_ViconDroneCtrl/flight_controller_ws/install/vicon_position_bridge/bin'
[1.369s] Level 1:colcon.colcon_core.environment:checking '/home/asrl/ROS2_ViconDroneCtrl/flight_controller_ws/install/vicon_position_bridge/lib/pkgconfig/vicon_position_bridge.pc'
[1.369s] Level 1:colcon.colcon_core.environment:checking '/home/asrl/ROS2_ViconDroneCtrl/flight_controller_ws/install/vicon_position_bridge/lib/python3.8/site-packages'
[1.369s] Level 1:colcon.colcon_core.shell:create_environment_hook('vicon_position_bridge', 'pythonpath')
[1.370s] INFO:colcon.colcon_core.shell:Creating environment hook '/home/asrl/ROS2_ViconDroneCtrl/flight_controller_ws/install/vicon_position_bridge/share/vicon_position_bridge/hook/pythonpath.ps1'
[1.370s] INFO:colcon.colcon_core.shell:Creating environment descriptor '/home/asrl/ROS2_ViconDroneCtrl/flight_controller_ws/install/vicon_position_bridge/share/vicon_position_bridge/hook/pythonpath.dsv'
[1.370s] INFO:colcon.colcon_core.shell:Creating environment hook '/home/asrl/ROS2_ViconDroneCtrl/flight_controller_ws/install/vicon_position_bridge/share/vicon_position_bridge/hook/pythonpath.sh'
[1.371s] Level 1:colcon.colcon_core.environment:checking '/home/asrl/ROS2_ViconDroneCtrl/flight_controller_ws/install/vicon_position_bridge/bin'
[1.371s] Level 1:colcon.colcon_core.environment:create_environment_scripts_only(vicon_position_bridge)
[1.372s] INFO:colcon.colcon_core.shell:Creating package script '/home/asrl/ROS2_ViconDroneCtrl/flight_controller_ws/install/vicon_position_bridge/share/vicon_position_bridge/package.ps1'
[1.372s] INFO:colcon.colcon_core.shell:Creating package descriptor '/home/asrl/ROS2_ViconDroneCtrl/flight_controller_ws/install/vicon_position_bridge/share/vicon_position_bridge/package.dsv'
[1.372s] INFO:colcon.colcon_core.shell:Creating package script '/home/asrl/ROS2_ViconDroneCtrl/flight_controller_ws/install/vicon_position_bridge/share/vicon_position_bridge/package.sh'
[1.372s] INFO:colcon.colcon_core.shell:Creating package script '/home/asrl/ROS2_ViconDroneCtrl/flight_controller_ws/install/vicon_position_bridge/share/vicon_position_bridge/package.bash'
[1.373s] INFO:colcon.colcon_core.shell:Creating package script '/home/asrl/ROS2_ViconDroneCtrl/flight_controller_ws/install/vicon_position_bridge/share/vicon_position_bridge/package.zsh'
[1.373s] Level 1:colcon.colcon_core.environment:create_file_with_runtime_dependencies(/home/asrl/ROS2_ViconDroneCtrl/flight_controller_ws/install/vicon_position_bridge/share/colcon-core/packages/vicon_position_bridge)
[1.373s] DEBUG:colcon.colcon_parallel_executor.executor.parallel:closing loop
[1.373s] DEBUG:colcon.colcon_parallel_executor.executor.parallel:loop closed
[1.373s] DEBUG:colcon.colcon_parallel_executor.executor.parallel:run_until_complete finished with '0'
[1.373s] DEBUG:colcon.colcon_core.event_reactor:joining thread
[1.377s] INFO:colcon.colcon_core.plugin_system:Skipping extension 'colcon_notification.desktop_notification.terminal_notifier': Not used on non-Darwin systems
[1.377s] INFO:colcon.colcon_core.plugin_system:Skipping extension 'colcon_notification.desktop_notification.win32': Not used on non-Windows systems
[1.377s] INFO:colcon.colcon_notification.desktop_notification:Sending desktop notification using 'notify2'
[1.406s] DEBUG:colcon.colcon_core.event_reactor:joined thread
[1.408s] INFO:colcon.colcon_core.shell:Creating prefix script '/home/asrl/ROS2_ViconDroneCtrl/flight_controller_ws/install/local_setup.ps1'
[1.408s] INFO:colcon.colcon_core.shell:Creating prefix util module '/home/asrl/ROS2_ViconDroneCtrl/flight_controller_ws/install/_local_setup_util_ps1.py'
[1.409s] INFO:colcon.colcon_core.shell:Creating prefix chain script '/home/asrl/ROS2_ViconDroneCtrl/flight_controller_ws/install/setup.ps1'
[1.410s] INFO:colcon.colcon_core.shell:Creating prefix script '/home/asrl/ROS2_ViconDroneCtrl/flight_controller_ws/install/local_setup.sh'
[1.410s] INFO:colcon.colcon_core.shell:Creating prefix util module '/home/asrl/ROS2_ViconDroneCtrl/flight_controller_ws/install/_local_setup_util_sh.py'
[1.411s] INFO:colcon.colcon_core.shell:Creating prefix chain script '/home/asrl/ROS2_ViconDroneCtrl/flight_controller_ws/install/setup.sh'
[1.411s] INFO:colcon.colcon_core.shell:Creating prefix script '/home/asrl/ROS2_ViconDroneCtrl/flight_controller_ws/install/local_setup.bash'
[1.412s] INFO:colcon.colcon_core.shell:Creating prefix chain script '/home/asrl/ROS2_ViconDroneCtrl/flight_controller_ws/install/setup.bash'
[1.413s] INFO:colcon.colcon_core.shell:Creating prefix script '/home/asrl/ROS2_ViconDroneCtrl/flight_controller_ws/install/local_setup.zsh'
[1.413s] INFO:colcon.colcon_core.shell:Creating prefix chain script '/home/asrl/ROS2_ViconDroneCtrl/flight_controller_ws/install/setup.zsh'
